2016-03-25 17:10:19,724 [Worker-1] INFO  o.e.m.c.i.e.AbstractTransferListenerAdapter - Downloading https://repo.maven.apache.org/maven2/org/activiti/activiti-engine/5.18.0/activiti-engine-5.18.0.pom
2016-03-25 17:10:20,028 [Worker-1] INFO  o.e.m.c.i.e.AbstractTransferListenerAdapter - Downloaded https://repo.maven.apache.org/maven2/org/activiti/activiti-engine/5.18.0/activiti-engine-5.18.0.pom
2016-03-25 17:10:20,257 [Worker-1] INFO  o.e.m.c.i.e.AbstractTransferListenerAdapter - Downloading https://repo.maven.apache.org/maven2/org/activiti/activiti-root/5.18.0/activiti-root-5.18.0.pom
2016-03-25 17:10:20,686 [Worker-1] INFO  o.e.m.c.i.e.AbstractTransferListenerAdapter - Downloaded https://repo.maven.apache.org/maven2/org/activiti/activiti-root/5.18.0/activiti-root-5.18.0.pom
2016-03-25 17:10:20,931 [Worker-1] INFO  o.e.m.c.i.e.AbstractTransferListenerAdapter - Downloading https://repo.maven.apache.org/maven2/org/activiti/activiti-bpmn-converter/5.18.0/activiti-bpmn-converter-5.18.0.pom
2016-03-25 17:10:21,149 [Worker-1] INFO  o.e.m.c.i.e.AbstractTransferListenerAdapter - Downloaded https://repo.maven.apache.org/maven2/org/activiti/activiti-bpmn-converter/5.18.0/activiti-bpmn-converter-5.18.0.pom
2016-03-25 17:10:21,379 [Worker-1] INFO  o.e.m.c.i.e.AbstractTransferListenerAdapter - Downloading https://repo.maven.apache.org/maven2/org/activiti/activiti-bpmn-model/5.18.0/activiti-bpmn-model-5.18.0.pom
2016-03-25 17:10:21,596 [Worker-1] INFO  o.e.m.c.i.e.AbstractTransferListenerAdapter - Downloaded https://repo.maven.apache.org/maven2/org/activiti/activiti-bpmn-model/5.18.0/activiti-bpmn-model-5.18.0.pom
2016-03-25 17:10:21,827 [Worker-1] INFO  o.e.m.c.i.e.AbstractTransferListenerAdapter - Downloading https://repo.maven.apache.org/maven2/org/apache/commons/commons-lang3/3.3.2/commons-lang3-3.3.2.pom
2016-03-25 17:10:22,045 [Worker-1] INFO  o.e.m.c.i.e.AbstractTransferListenerAdapter - Downloaded https://repo.maven.apache.org/maven2/org/apache/commons/commons-lang3/3.3.2/commons-lang3-3.3.2.pom
2016-03-25 17:10:22,521 [Worker-1] INFO  o.e.m.c.i.e.AbstractTransferListenerAdapter - Downloading https://repo.maven.apache.org/maven2/org/slf4j/slf4j-api/1.7.6/slf4j-api-1.7.6.pom
2016-03-25 17:10:22,739 [Worker-1] INFO  o.e.m.c.i.e.AbstractTransferListenerAdapter - Downloaded https://repo.maven.apache.org/maven2/org/slf4j/slf4j-api/1.7.6/slf4j-api-1.7.6.pom
2016-03-25 17:10:22,961 [Worker-1] INFO  o.e.m.c.i.e.AbstractTransferListenerAdapter - Downloading https://repo.maven.apache.org/maven2/org/slf4j/slf4j-parent/1.7.6/slf4j-parent-1.7.6.pom
2016-03-25 17:10:23,183 [Worker-1] INFO  o.e.m.c.i.e.AbstractTransferListenerAdapter - Downloaded https://repo.maven.apache.org/maven2/org/slf4j/slf4j-parent/1.7.6/slf4j-parent-1.7.6.pom
2016-03-25 17:10:23,406 [Worker-1] INFO  o.e.m.c.i.e.AbstractTransferListenerAdapter - Downloading https://repo.maven.apache.org/maven2/org/slf4j/jcl-over-slf4j/1.7.6/jcl-over-slf4j-1.7.6.pom
2016-03-25 17:10:23,630 [Worker-1] INFO  o.e.m.c.i.e.AbstractTransferListenerAdapter - Downloaded https://repo.maven.apache.org/maven2/org/slf4j/jcl-over-slf4j/1.7.6/jcl-over-slf4j-1.7.6.pom
2016-03-25 17:10:23,856 [Worker-1] INFO  o.e.m.c.i.e.AbstractTransferListenerAdapter - Downloading https://repo.maven.apache.org/maven2/joda-time/joda-time/2.6/joda-time-2.6.pom
2016-03-25 17:10:24,281 [Worker-1] INFO  o.e.m.c.i.e.AbstractTransferListenerAdapter - Downloaded https://repo.maven.apache.org/maven2/joda-time/joda-time/2.6/joda-time-2.6.pom
2016-03-25 17:10:24,509 [Worker-1] INFO  o.e.m.c.i.e.AbstractTransferListenerAdapter - Downloading https://repo.maven.apache.org/maven2/org/activiti/activiti-process-validation/5.18.0/activiti-process-validation-5.18.0.pom
2016-03-25 17:10:24,728 [Worker-1] INFO  o.e.m.c.i.e.AbstractTransferListenerAdapter - Downloaded https://repo.maven.apache.org/maven2/org/activiti/activiti-process-validation/5.18.0/activiti-process-validation-5.18.0.pom
2016-03-25 17:10:24,948 [Worker-1] INFO  o.e.m.c.i.e.AbstractTransferListenerAdapter - Downloading https://repo.maven.apache.org/maven2/org/activiti/activiti-image-generator/5.18.0/activiti-image-generator-5.18.0.pom
2016-03-25 17:10:25,165 [Worker-1] INFO  o.e.m.c.i.e.AbstractTransferListenerAdapter - Downloaded https://repo.maven.apache.org/maven2/org/activiti/activiti-image-generator/5.18.0/activiti-image-generator-5.18.0.pom
2016-03-25 17:10:25,389 [Worker-1] INFO  o.e.m.c.i.e.AbstractTransferListenerAdapter - Downloading https://repo.maven.apache.org/maven2/org/apache/commons/commons-email/1.4/commons-email-1.4.pom
2016-03-25 17:10:25,608 [Worker-1] INFO  o.e.m.c.i.e.AbstractTransferListenerAdapter - Downloaded https://repo.maven.apache.org/maven2/org/apache/commons/commons-email/1.4/commons-email-1.4.pom
2016-03-25 17:10:25,835 [Worker-1] INFO  o.e.m.c.i.e.AbstractTransferListenerAdapter - Downloading https://repo.maven.apache.org/maven2/com/sun/mail/javax.mail/1.5.2/javax.mail-1.5.2.pom
2016-03-25 17:10:26,050 [Worker-1] INFO  o.e.m.c.i.e.AbstractTransferListenerAdapter - Downloaded https://repo.maven.apache.org/maven2/com/sun/mail/javax.mail/1.5.2/javax.mail-1.5.2.pom
2016-03-25 17:10:26,270 [Worker-1] INFO  o.e.m.c.i.e.AbstractTransferListenerAdapter - Downloading https://repo.maven.apache.org/maven2/com/sun/mail/all/1.5.2/all-1.5.2.pom
2016-03-25 17:10:26,495 [Worker-1] INFO  o.e.m.c.i.e.AbstractTransferListenerAdapter - Downloaded https://repo.maven.apache.org/maven2/com/sun/mail/all/1.5.2/all-1.5.2.pom
2016-03-25 17:10:26,905 [Worker-1] INFO  o.e.m.c.i.e.AbstractTransferListenerAdapter - Downloading https://repo.maven.apache.org/maven2/org/mybatis/mybatis/3.2.5/mybatis-3.2.5.pom
2016-03-25 17:10:27,133 [Worker-1] INFO  o.e.m.c.i.e.AbstractTransferListenerAdapter - Downloaded https://repo.maven.apache.org/maven2/org/mybatis/mybatis/3.2.5/mybatis-3.2.5.pom
2016-03-25 17:10:27,357 [Worker-1] INFO  o.e.m.c.i.e.AbstractTransferListenerAdapter - Downloading https://repo.maven.apache.org/maven2/org/mybatis/mybatis-parent/21/mybatis-parent-21.pom
2016-03-25 17:10:27,789 [Worker-1] INFO  o.e.m.c.i.e.AbstractTransferListenerAdapter - Downloaded https://repo.maven.apache.org/maven2/org/mybatis/mybatis-parent/21/mybatis-parent-21.pom
2016-03-25 17:10:28,012 [Worker-1] INFO  o.e.m.c.i.e.AbstractTransferListenerAdapter - Downloading https://repo.maven.apache.org/maven2/org/springframework/spring-beans/4.1.5.RELEASE/spring-beans-4.1.5.RELEASE.pom
2016-03-25 17:10:28,258 [Worker-1] INFO  o.e.m.c.i.e.AbstractTransferListenerAdapter - Downloaded https://repo.maven.apache.org/maven2/org/springframework/spring-beans/4.1.5.RELEASE/spring-beans-4.1.5.RELEASE.pom
2016-03-25 17:10:28,476 [Worker-1] INFO  o.e.m.c.i.e.AbstractTransferListenerAdapter - Downloading https://repo.maven.apache.org/maven2/org/springframework/spring-core/4.1.5.RELEASE/spring-core-4.1.5.RELEASE.pom
2016-03-25 17:10:28,693 [Worker-1] INFO  o.e.m.c.i.e.AbstractTransferListenerAdapter - Downloaded https://repo.maven.apache.org/maven2/org/springframework/spring-core/4.1.5.RELEASE/spring-core-4.1.5.RELEASE.pom
2016-03-25 17:10:28,929 [Worker-1] INFO  o.e.m.c.i.e.AbstractTransferListenerAdapter - Downloading https://repo.maven.apache.org/maven2/org/activiti/activiti-spring/5.18.0/activiti-spring-5.18.0.pom
2016-03-25 17:10:29,147 [Worker-1] INFO  o.e.m.c.i.e.AbstractTransferListenerAdapter - Downloaded https://repo.maven.apache.org/maven2/org/activiti/activiti-spring/5.18.0/activiti-spring-5.18.0.pom
2016-03-25 17:10:29,546 [Worker-1] INFO  o.e.m.c.i.e.AbstractTransferListenerAdapter - Downloading https://repo.maven.apache.org/maven2/org/springframework/spring-context/4.1.5.RELEASE/spring-context-4.1.5.RELEASE.pom
2016-03-25 17:10:29,763 [Worker-1] INFO  o.e.m.c.i.e.AbstractTransferListenerAdapter - Downloaded https://repo.maven.apache.org/maven2/org/springframework/spring-context/4.1.5.RELEASE/spring-context-4.1.5.RELEASE.pom
2016-03-25 17:10:29,982 [Worker-1] INFO  o.e.m.c.i.e.AbstractTransferListenerAdapter - Downloading https://repo.maven.apache.org/maven2/org/springframework/spring-aop/4.1.5.RELEASE/spring-aop-4.1.5.RELEASE.pom
2016-03-25 17:10:30,200 [Worker-1] INFO  o.e.m.c.i.e.AbstractTransferListenerAdapter - Downloaded https://repo.maven.apache.org/maven2/org/springframework/spring-aop/4.1.5.RELEASE/spring-aop-4.1.5.RELEASE.pom
2016-03-25 17:10:30,418 [Worker-1] INFO  o.e.m.c.i.e.AbstractTransferListenerAdapter - Downloading https://repo.maven.apache.org/maven2/org/springframework/spring-expression/4.1.5.RELEASE/spring-expression-4.1.5.RELEASE.pom
2016-03-25 17:10:30,635 [Worker-1] INFO  o.e.m.c.i.e.AbstractTransferListenerAdapter - Downloaded https://repo.maven.apache.org/maven2/org/springframework/spring-expression/4.1.5.RELEASE/spring-expression-4.1.5.RELEASE.pom
2016-03-25 17:10:30,856 [Worker-1] INFO  o.e.m.c.i.e.AbstractTransferListenerAdapter - Downloading https://repo.maven.apache.org/maven2/org/springframework/spring-jdbc/4.1.5.RELEASE/spring-jdbc-4.1.5.RELEASE.pom
2016-03-25 17:10:31,073 [Worker-1] INFO  o.e.m.c.i.e.AbstractTransferListenerAdapter - Downloaded https://repo.maven.apache.org/maven2/org/springframework/spring-jdbc/4.1.5.RELEASE/spring-jdbc-4.1.5.RELEASE.pom
2016-03-25 17:10:31,295 [Worker-1] INFO  o.e.m.c.i.e.AbstractTransferListenerAdapter - Downloading https://repo.maven.apache.org/maven2/org/springframework/spring-tx/4.1.5.RELEASE/spring-tx-4.1.5.RELEASE.pom
2016-03-25 17:10:31,512 [Worker-1] INFO  o.e.m.c.i.e.AbstractTransferListenerAdapter - Downloaded https://repo.maven.apache.org/maven2/org/springframework/spring-tx/4.1.5.RELEASE/spring-tx-4.1.5.RELEASE.pom
2016-03-25 17:10:31,733 [Worker-1] INFO  o.e.m.c.i.e.AbstractTransferListenerAdapter - Downloading https://repo.maven.apache.org/maven2/org/springframework/spring-orm/4.1.5.RELEASE/spring-orm-4.1.5.RELEASE.pom
2016-03-25 17:10:31,950 [Worker-1] INFO  o.e.m.c.i.e.AbstractTransferListenerAdapter - Downloaded https://repo.maven.apache.org/maven2/org/springframework/spring-orm/4.1.5.RELEASE/spring-orm-4.1.5.RELEASE.pom
2016-03-25 17:10:32,246 [Worker-1] INFO  o.e.m.c.i.e.AbstractTransferListenerAdapter - Downloading https://repo.maven.apache.org/maven2/org/codehaus/groovy/groovy-all/2.4.3/groovy-all-2.4.3.pom
2016-03-25 17:10:32,467 [Worker-1] INFO  o.e.m.c.i.e.AbstractTransferListenerAdapter - Downloaded https://repo.maven.apache.org/maven2/org/codehaus/groovy/groovy-all/2.4.3/groovy-all-2.4.3.pom
2016-03-25 17:10:32,707 [Worker-1] INFO  o.e.m.c.i.e.AbstractTransferListenerAdapter - Downloading https://repo.maven.apache.org/maven2/org/slf4j/slf4j-jdk14/1.7.6/slf4j-jdk14-1.7.6.pom
2016-03-25 17:10:32,929 [Worker-1] INFO  o.e.m.c.i.e.AbstractTransferListenerAdapter - Downloaded https://repo.maven.apache.org/maven2/org/slf4j/slf4j-jdk14/1.7.6/slf4j-jdk14-1.7.6.pom
2016-03-25 17:10:33,242 [Worker-1] INFO  o.e.m.c.i.e.AbstractTransferListenerAdapter - Downloading https://repo.maven.apache.org/maven2/org/activiti/activiti-engine/5.18.0/activiti-engine-5.18.0.jar
2016-03-25 17:10:53,362 [Worker-1] INFO  o.e.m.c.i.e.AbstractTransferListenerAdapter - Downloaded https://repo.maven.apache.org/maven2/org/activiti/activiti-engine/5.18.0/activiti-engine-5.18.0.jar
2016-03-25 17:10:53,578 [Worker-1] INFO  o.e.m.c.i.e.AbstractTransferListenerAdapter - Downloading https://repo.maven.apache.org/maven2/org/activiti/activiti-bpmn-converter/5.18.0/activiti-bpmn-converter-5.18.0.jar
2016-03-25 17:10:55,117 [Worker-1] INFO  o.e.m.c.i.e.AbstractTransferListenerAdapter - Downloaded https://repo.maven.apache.org/maven2/org/activiti/activiti-bpmn-converter/5.18.0/activiti-bpmn-converter-5.18.0.jar
2016-03-25 17:10:55,335 [Worker-1] INFO  o.e.m.c.i.e.AbstractTransferListenerAdapter - Downloading https://repo.maven.apache.org/maven2/org/activiti/activiti-bpmn-model/5.18.0/activiti-bpmn-model-5.18.0.jar
2016-03-25 17:10:56,210 [Worker-1] INFO  o.e.m.c.i.e.AbstractTransferListenerAdapter - Downloaded https://repo.maven.apache.org/maven2/org/activiti/activiti-bpmn-model/5.18.0/activiti-bpmn-model-5.18.0.jar
2016-03-25 17:10:56,435 [Worker-1] INFO  o.e.m.c.i.e.AbstractTransferListenerAdapter - Downloading https://repo.maven.apache.org/maven2/org/activiti/activiti-process-validation/5.18.0/activiti-process-validation-5.18.0.jar
2016-03-25 17:10:57,078 [Worker-1] INFO  o.e.m.c.i.e.AbstractTransferListenerAdapter - Downloaded https://repo.maven.apache.org/maven2/org/activiti/activiti-process-validation/5.18.0/activiti-process-validation-5.18.0.jar
2016-03-25 17:10:57,541 [Worker-1] INFO  o.e.m.c.i.e.AbstractTransferListenerAdapter - Downloading https://repo.maven.apache.org/maven2/org/activiti/activiti-image-generator/5.18.0/activiti-image-generator-5.18.0.jar
2016-03-25 17:10:58,186 [Worker-1] INFO  o.e.m.c.i.e.AbstractTransferListenerAdapter - Downloaded https://repo.maven.apache.org/maven2/org/activiti/activiti-image-generator/5.18.0/activiti-image-generator-5.18.0.jar
2016-03-25 17:10:59,045 [Worker-1] INFO  o.e.m.c.i.e.AbstractTransferListenerAdapter - Downloading https://repo.maven.apache.org/maven2/org/apache/commons/commons-email/1.4/commons-email-1.4.jar
2016-03-25 17:10:59,486 [Worker-1] INFO  o.e.m.c.i.e.AbstractTransferListenerAdapter - Downloaded https://repo.maven.apache.org/maven2/org/apache/commons/commons-email/1.4/commons-email-1.4.jar
2016-03-25 17:11:00,552 [Worker-1] INFO  o.e.m.c.i.e.AbstractTransferListenerAdapter - Downloading https://repo.maven.apache.org/maven2/com/sun/mail/javax.mail/1.5.2/javax.mail-1.5.2.jar
2016-03-25 17:11:17,381 [Worker-1] INFO  o.e.m.c.i.e.AbstractTransferListenerAdapter - Downloaded https://repo.maven.apache.org/maven2/com/sun/mail/javax.mail/1.5.2/javax.mail-1.5.2.jar
2016-03-25 17:11:17,598 [Worker-1] INFO  o.e.m.c.i.e.AbstractTransferListenerAdapter - Downloading https://repo.maven.apache.org/maven2/org/apache/commons/commons-lang3/3.3.2/commons-lang3-3.3.2.jar
2016-03-25 17:11:18,793 [Worker-1] INFO  o.e.m.c.i.e.AbstractTransferListenerAdapter - Downloaded https://repo.maven.apache.org/maven2/org/apache/commons/commons-lang3/3.3.2/commons-lang3-3.3.2.jar
2016-03-25 17:11:19,011 [Worker-1] INFO  o.e.m.c.i.e.AbstractTransferListenerAdapter - Downloading https://repo.maven.apache.org/maven2/org/mybatis/mybatis/3.2.5/mybatis-3.2.5.jar
2016-03-25 17:11:20,352 [Worker-1] INFO  o.e.m.c.i.e.AbstractTransferListenerAdapter - Downloaded https://repo.maven.apache.org/maven2/org/mybatis/mybatis/3.2.5/mybatis-3.2.5.jar
2016-03-25 17:11:20,568 [Worker-1] INFO  o.e.m.c.i.e.AbstractTransferListenerAdapter - Downloading https://repo.maven.apache.org/maven2/org/springframework/spring-beans/4.1.5.RELEASE/spring-beans-4.1.5.RELEASE.jar
2016-03-25 17:11:21,915 [Worker-1] INFO  o.e.m.c.i.e.AbstractTransferListenerAdapter - Downloaded https://repo.maven.apache.org/maven2/org/springframework/spring-beans/4.1.5.RELEASE/spring-beans-4.1.5.RELEASE.jar
2016-03-25 17:11:22,145 [Worker-1] INFO  o.e.m.c.i.e.AbstractTransferListenerAdapter - Downloading https://repo.maven.apache.org/maven2/org/springframework/spring-core/4.1.5.RELEASE/spring-core-4.1.5.RELEASE.jar
2016-03-25 17:11:23,938 [Worker-1] INFO  o.e.m.c.i.e.AbstractTransferListenerAdapter - Downloaded https://repo.maven.apache.org/maven2/org/springframework/spring-core/4.1.5.RELEASE/spring-core-4.1.5.RELEASE.jar
2016-03-25 17:11:24,156 [Worker-1] INFO  o.e.m.c.i.e.AbstractTransferListenerAdapter - Downloading https://repo.maven.apache.org/maven2/joda-time/joda-time/2.6/joda-time-2.6.jar
2016-03-25 17:11:25,462 [Worker-1] INFO  o.e.m.c.i.e.AbstractTransferListenerAdapter - Downloaded https://repo.maven.apache.org/maven2/joda-time/joda-time/2.6/joda-time-2.6.jar
2016-03-25 17:11:25,685 [Worker-1] INFO  o.e.m.c.i.e.AbstractTransferListenerAdapter - Downloading https://repo.maven.apache.org/maven2/org/slf4j/jcl-over-slf4j/1.7.6/jcl-over-slf4j-1.7.6.jar
2016-03-25 17:11:25,908 [Worker-1] INFO  o.e.m.c.i.e.AbstractTransferListenerAdapter - Downloaded https://repo.maven.apache.org/maven2/org/slf4j/jcl-over-slf4j/1.7.6/jcl-over-slf4j-1.7.6.jar
2016-03-25 17:11:26,225 [Worker-1] INFO  o.e.m.c.i.e.AbstractTransferListenerAdapter - Downloading https://repo.maven.apache.org/maven2/org/activiti/activiti-spring/5.18.0/activiti-spring-5.18.0.jar
2016-03-25 17:11:26,451 [Worker-1] INFO  o.e.m.c.i.e.AbstractTransferListenerAdapter - Downloaded https://repo.maven.apache.org/maven2/org/activiti/activiti-spring/5.18.0/activiti-spring-5.18.0.jar
2016-03-25 17:11:26,676 [Worker-1] INFO  o.e.m.c.i.e.AbstractTransferListenerAdapter - Downloading https://repo.maven.apache.org/maven2/org/springframework/spring-context/4.1.5.RELEASE/spring-context-4.1.5.RELEASE.jar
2016-03-25 17:11:28,621 [Worker-1] INFO  o.e.m.c.i.e.AbstractTransferListenerAdapter - Downloaded https://repo.maven.apache.org/maven2/org/springframework/spring-context/4.1.5.RELEASE/spring-context-4.1.5.RELEASE.jar
2016-03-25 17:11:28,840 [Worker-1] INFO  o.e.m.c.i.e.AbstractTransferListenerAdapter - Downloading https://repo.maven.apache.org/maven2/org/springframework/spring-aop/4.1.5.RELEASE/spring-aop-4.1.5.RELEASE.jar
2016-03-25 17:11:29,539 [Worker-1] INFO  o.e.m.c.i.e.AbstractTransferListenerAdapter - Downloaded https://repo.maven.apache.org/maven2/org/springframework/spring-aop/4.1.5.RELEASE/spring-aop-4.1.5.RELEASE.jar
2016-03-25 17:11:29,766 [Worker-1] INFO  o.e.m.c.i.e.AbstractTransferListenerAdapter - Downloading https://repo.maven.apache.org/maven2/org/springframework/spring-expression/4.1.5.RELEASE/spring-expression-4.1.5.RELEASE.jar
2016-03-25 17:11:30,693 [Worker-1] INFO  o.e.m.c.i.e.AbstractTransferListenerAdapter - Downloaded https://repo.maven.apache.org/maven2/org/springframework/spring-expression/4.1.5.RELEASE/spring-expression-4.1.5.RELEASE.jar
2016-03-25 17:11:30,911 [Worker-1] INFO  o.e.m.c.i.e.AbstractTransferListenerAdapter - Downloading https://repo.maven.apache.org/maven2/org/springframework/spring-jdbc/4.1.5.RELEASE/spring-jdbc-4.1.5.RELEASE.jar
2016-03-25 17:11:32,017 [Worker-1] INFO  o.e.m.c.i.e.AbstractTransferListenerAdapter - Downloaded https://repo.maven.apache.org/maven2/org/springframework/spring-jdbc/4.1.5.RELEASE/spring-jdbc-4.1.5.RELEASE.jar
2016-03-25 17:11:32,236 [Worker-1] INFO  o.e.m.c.i.e.AbstractTransferListenerAdapter - Downloading https://repo.maven.apache.org/maven2/org/springframework/spring-tx/4.1.5.RELEASE/spring-tx-4.1.5.RELEASE.jar
2016-03-25 17:11:32,900 [Worker-1] INFO  o.e.m.c.i.e.AbstractTransferListenerAdapter - Downloaded https://repo.maven.apache.org/maven2/org/springframework/spring-tx/4.1.5.RELEASE/spring-tx-4.1.5.RELEASE.jar
2016-03-25 17:11:33,118 [Worker-1] INFO  o.e.m.c.i.e.AbstractTransferListenerAdapter - Downloading https://repo.maven.apache.org/maven2/org/springframework/spring-orm/4.1.5.RELEASE/spring-orm-4.1.5.RELEASE.jar
2016-03-25 17:11:33,986 [Worker-1] INFO  o.e.m.c.i.e.AbstractTransferListenerAdapter - Downloaded https://repo.maven.apache.org/maven2/org/springframework/spring-orm/4.1.5.RELEASE/spring-orm-4.1.5.RELEASE.jar
2016-03-25 17:11:34,203 [Worker-1] INFO  o.e.m.c.i.e.AbstractTransferListenerAdapter - Downloading https://repo.maven.apache.org/maven2/commons-pool/commons-pool/1.5.4/commons-pool-1.5.4.jar
2016-03-25 17:11:34,438 [Worker-1] INFO  o.e.m.c.i.e.AbstractTransferListenerAdapter - Downloaded https://repo.maven.apache.org/maven2/commons-pool/commons-pool/1.5.4/commons-pool-1.5.4.jar
2016-03-25 17:11:34,659 [Worker-1] INFO  o.e.m.c.i.e.AbstractTransferListenerAdapter - Downloading https://repo.maven.apache.org/maven2/org/codehaus/groovy/groovy-all/2.4.3/groovy-all-2.4.3.jar
2016-03-25 17:11:43,551 [Worker-1] INFO  o.e.m.c.i.e.AbstractTransferListenerAdapter - Downloaded https://repo.maven.apache.org/maven2/org/codehaus/groovy/groovy-all/2.4.3/groovy-all-2.4.3.jar
2016-03-25 17:11:43,781 [Worker-1] INFO  o.e.m.c.i.e.AbstractTransferListenerAdapter - Downloading https://repo.maven.apache.org/maven2/com/h2database/h2/1.3.168/h2-1.3.168.jar
2016-03-25 17:11:45,112 [Worker-1] INFO  o.e.m.c.i.e.AbstractTransferListenerAdapter - Downloaded https://repo.maven.apache.org/maven2/com/h2database/h2/1.3.168/h2-1.3.168.jar
2016-03-25 17:11:45,328 [Worker-1] INFO  o.e.m.c.i.e.AbstractTransferListenerAdapter - Downloading https://repo.maven.apache.org/maven2/org/slf4j/slf4j-api/1.7.6/slf4j-api-1.7.6.jar
2016-03-25 17:11:45,566 [Worker-1] INFO  o.e.m.c.i.e.AbstractTransferListenerAdapter - Downloaded https://repo.maven.apache.org/maven2/org/slf4j/slf4j-api/1.7.6/slf4j-api-1.7.6.jar
2016-03-25 17:11:45,784 [Worker-1] INFO  o.e.m.c.i.e.AbstractTransferListenerAdapter - Downloading https://repo.maven.apache.org/maven2/org/slf4j/slf4j-jdk14/1.7.6/slf4j-jdk14-1.7.6.jar
2016-03-25 17:11:46,019 [Worker-1] INFO  o.e.m.c.i.e.AbstractTransferListenerAdapter - Downloaded https://repo.maven.apache.org/maven2/org/slf4j/slf4j-jdk14/1.7.6/slf4j-jdk14-1.7.6.jar
2016-03-25 17:30:12,543 [Worker-10] INFO  o.e.m.c.i.l.LifecycleMappingFactory - Using org.eclipse.m2e.jdt.JarLifecycleMapping lifecycle mapping for MavenProject: com.for2cold.activiti:first-demo:0.0.1-SNAPSHOT @ D:\workspaces\Java\work-two\first-demo\pom.xml.
2016-03-25 17:30:13,518 [Worker-10] INFO  o.e.m.j.i.AbstractJavaProjectConfigurator - Adding source folder /first-demo/src/main/java
2016-03-25 17:30:13,520 [Worker-10] INFO  o.e.m.j.i.AbstractJavaProjectConfigurator - Adding resource folder /first-demo/src/main/resources
2016-03-25 17:30:13,520 [Worker-10] INFO  o.e.m.j.i.AbstractJavaProjectConfigurator - Adding source folder /first-demo/src/test/java
2016-03-25 17:30:13,520 [Worker-10] INFO  o.e.m.j.i.AbstractJavaProjectConfigurator - Adding resource folder /first-demo/src/test/resources
2016-03-25 17:30:13,971 [Worker-12] WARN  o.e.m.c.i.embedder.EclipseLogger - Using platform encoding (GBK actually) to copy filtered resources, i.e. build is platform dependent!
2016-03-25 17:30:13,988 [Worker-12] INFO  o.e.m.c.i.embedder.EclipseLogger - Copying 0 resource
2016-03-25 17:30:13,989 [Worker-12] WARN  o.e.m.c.i.embedder.EclipseLogger - Using platform encoding (GBK actually) to copy filtered resources, i.e. build is platform dependent!
2016-03-25 17:30:13,990 [Worker-12] INFO  o.e.m.c.i.embedder.EclipseLogger - Copying 0 resource
2016-03-25 17:31:12,083 [Worker-20] WARN  o.e.m.c.i.embedder.EclipseLogger - Using platform encoding (GBK actually) to copy filtered resources, i.e. build is platform dependent!
2016-03-25 17:31:12,086 [Worker-20] INFO  o.e.m.c.i.embedder.EclipseLogger - Copying 0 resource
2016-03-25 17:31:12,087 [Worker-20] WARN  o.e.m.c.i.embedder.EclipseLogger - Using platform encoding (GBK actually) to copy filtered resources, i.e. build is platform dependent!
2016-03-25 17:31:12,087 [Worker-20] INFO  o.e.m.c.i.embedder.EclipseLogger - Copying 0 resource
2016-03-25 17:31:13,150 [Worker-12] WARN  o.e.m.c.i.embedder.EclipseLogger - Using platform encoding (GBK actually) to copy filtered resources, i.e. build is platform dependent!
2016-03-25 17:31:13,228 [Worker-12] INFO  o.e.m.c.i.embedder.EclipseLogger - Copying 0 resource
2016-03-25 17:31:13,229 [Worker-12] WARN  o.e.m.c.i.embedder.EclipseLogger - Using platform encoding (GBK actually) to copy filtered resources, i.e. build is platform dependent!
2016-03-25 17:31:13,230 [Worker-12] INFO  o.e.m.c.i.embedder.EclipseLogger - Copying 0 resource
2016-03-25 17:31:20,215 [Worker-12] WARN  o.e.m.c.i.embedder.EclipseLogger - Using platform encoding (GBK actually) to copy filtered resources, i.e. build is platform dependent!
2016-03-25 17:31:20,216 [Worker-12] INFO  o.e.m.c.i.embedder.EclipseLogger - Copying 0 resource
2016-03-25 17:31:20,217 [Worker-12] WARN  o.e.m.c.i.embedder.EclipseLogger - Using platform encoding (GBK actually) to copy filtered resources, i.e. build is platform dependent!
2016-03-25 17:31:20,217 [Worker-12] INFO  o.e.m.c.i.embedder.EclipseLogger - Copying 0 resource
2016-03-25 17:31:41,083 [Worker-17] WARN  o.e.m.c.i.embedder.EclipseLogger - Using platform encoding (GBK actually) to copy filtered resources, i.e. build is platform dependent!
2016-03-25 17:31:41,086 [Worker-17] INFO  o.e.m.c.i.embedder.EclipseLogger - Copying 1 resource
2016-03-25 17:31:41,096 [Worker-17] WARN  o.e.m.c.i.embedder.EclipseLogger - Using platform encoding (GBK actually) to copy filtered resources, i.e. build is platform dependent!
2016-03-25 17:31:41,097 [Worker-17] INFO  o.e.m.c.i.embedder.EclipseLogger - Copying 0 resource
2016-03-25 17:32:07,583 [Worker-17] WARN  o.e.m.c.i.embedder.EclipseLogger - Using platform encoding (GBK actually) to copy filtered resources, i.e. build is platform dependent!
2016-03-25 17:32:07,584 [Worker-17] INFO  o.e.m.c.i.embedder.EclipseLogger - Copying 0 resource
2016-03-25 17:32:07,586 [Worker-17] WARN  o.e.m.c.i.embedder.EclipseLogger - Using platform encoding (GBK actually) to copy filtered resources, i.e. build is platform dependent!
2016-03-25 17:32:07,587 [Worker-17] INFO  o.e.m.c.i.embedder.EclipseLogger - Copying 0 resource
2016-03-25 17:35:31,820 [Worker-21] WARN  o.e.m.c.i.embedder.EclipseLogger - Using platform encoding (GBK actually) to copy filtered resources, i.e. build is platform dependent!
2016-03-25 17:35:31,821 [Worker-21] INFO  o.e.m.c.i.embedder.EclipseLogger - Copying 1 resource
2016-03-25 17:35:31,824 [Worker-21] WARN  o.e.m.c.i.embedder.EclipseLogger - Using platform encoding (GBK actually) to copy filtered resources, i.e. build is platform dependent!
2016-03-25 17:35:31,825 [Worker-21] INFO  o.e.m.c.i.embedder.EclipseLogger - Copying 0 resource
2016-03-25 17:35:44,879 [Worker-21] WARN  o.e.m.c.i.embedder.EclipseLogger - Using platform encoding (GBK actually) to copy filtered resources, i.e. build is platform dependent!
2016-03-25 17:35:44,880 [Worker-21] INFO  o.e.m.c.i.embedder.EclipseLogger - Copying 1 resource
2016-03-25 17:35:44,883 [Worker-21] WARN  o.e.m.c.i.embedder.EclipseLogger - Using platform encoding (GBK actually) to copy filtered resources, i.e. build is platform dependent!
2016-03-25 17:35:44,884 [Worker-21] INFO  o.e.m.c.i.embedder.EclipseLogger - Copying 0 resource
2016-03-25 17:35:58,983 [Worker-21] WARN  o.e.m.c.i.embedder.EclipseLogger - Using platform encoding (GBK actually) to copy filtered resources, i.e. build is platform dependent!
2016-03-25 17:35:58,984 [Worker-21] INFO  o.e.m.c.i.embedder.EclipseLogger - Copying 1 resource
2016-03-25 17:35:58,985 [Worker-21] WARN  o.e.m.c.i.embedder.EclipseLogger - Using platform encoding (GBK actually) to copy filtered resources, i.e. build is platform dependent!
2016-03-25 17:35:58,986 [Worker-21] INFO  o.e.m.c.i.embedder.EclipseLogger - Copying 0 resource
2016-03-25 17:37:45,122 [Worker-20] WARN  o.e.m.c.i.embedder.EclipseLogger - Using platform encoding (GBK actually) to copy filtered resources, i.e. build is platform dependent!
2016-03-25 17:37:45,123 [Worker-20] INFO  o.e.m.c.i.embedder.EclipseLogger - Copying 1 resource
2016-03-25 17:37:45,125 [Worker-20] WARN  o.e.m.c.i.embedder.EclipseLogger - Using platform encoding (GBK actually) to copy filtered resources, i.e. build is platform dependent!
2016-03-25 17:37:45,128 [Worker-20] INFO  o.e.m.c.i.embedder.EclipseLogger - Copying 0 resource
2016-03-25 17:45:51,870 [Worker-21] WARN  o.e.m.c.i.embedder.EclipseLogger - Using platform encoding (GBK actually) to copy filtered resources, i.e. build is platform dependent!
2016-03-25 17:45:51,871 [Worker-21] INFO  o.e.m.c.i.embedder.EclipseLogger - Copying 0 resource
2016-03-25 17:45:51,872 [Worker-21] WARN  o.e.m.c.i.embedder.EclipseLogger - Using platform encoding (GBK actually) to copy filtered resources, i.e. build is platform dependent!
2016-03-25 17:45:51,872 [Worker-21] INFO  o.e.m.c.i.embedder.EclipseLogger - Copying 0 resource
2016-03-25 17:45:52,938 [Worker-26] WARN  o.e.m.c.i.embedder.EclipseLogger - Using platform encoding (GBK actually) to copy filtered resources, i.e. build is platform dependent!
2016-03-25 17:45:52,939 [Worker-26] INFO  o.e.m.c.i.embedder.EclipseLogger - Copying 0 resource
2016-03-25 17:45:52,942 [Worker-26] WARN  o.e.m.c.i.embedder.EclipseLogger - Using platform encoding (GBK actually) to copy filtered resources, i.e. build is platform dependent!
2016-03-25 17:45:52,943 [Worker-26] INFO  o.e.m.c.i.embedder.EclipseLogger - Copying 0 resource
2016-03-25 17:46:59,526 [Worker-23] WARN  o.e.m.c.i.embedder.EclipseLogger - Using platform encoding (GBK actually) to copy filtered resources, i.e. build is platform dependent!
2016-03-25 17:46:59,527 [Worker-23] INFO  o.e.m.c.i.embedder.EclipseLogger - Copying 0 resource
2016-03-25 17:46:59,528 [Worker-23] WARN  o.e.m.c.i.embedder.EclipseLogger - Using platform encoding (GBK actually) to copy filtered resources, i.e. build is platform dependent!
2016-03-25 17:46:59,529 [Worker-23] INFO  o.e.m.c.i.embedder.EclipseLogger - Copying 0 resource
2016-03-25 17:47:26,002 [Worker-23] WARN  o.e.m.c.i.embedder.EclipseLogger - Using platform encoding (GBK actually) to copy filtered resources, i.e. build is platform dependent!
2016-03-25 17:47:26,003 [Worker-23] INFO  o.e.m.c.i.embedder.EclipseLogger - Copying 1 resource
2016-03-25 17:47:26,005 [Worker-23] WARN  o.e.m.c.i.embedder.EclipseLogger - Using platform encoding (GBK actually) to copy filtered resources, i.e. build is platform dependent!
2016-03-25 17:47:26,005 [Worker-23] INFO  o.e.m.c.i.embedder.EclipseLogger - Copying 0 resource
2016-03-25 17:47:37,365 [Worker-26] WARN  o.e.m.c.i.embedder.EclipseLogger - Using platform encoding (GBK actually) to copy filtered resources, i.e. build is platform dependent!
2016-03-25 17:47:37,366 [Worker-26] INFO  o.e.m.c.i.embedder.EclipseLogger - Copying 1 resource
2016-03-25 17:47:37,367 [Worker-26] WARN  o.e.m.c.i.embedder.EclipseLogger - Using platform encoding (GBK actually) to copy filtered resources, i.e. build is platform dependent!
2016-03-25 17:47:37,368 [Worker-26] INFO  o.e.m.c.i.embedder.EclipseLogger - Copying 0 resource
2016-03-25 17:54:07,630 [Worker-23] WARN  o.e.m.c.i.embedder.EclipseLogger - Using platform encoding (GBK actually) to copy filtered resources, i.e. build is platform dependent!
2016-03-25 17:54:07,631 [Worker-23] INFO  o.e.m.c.i.embedder.EclipseLogger - Copying 0 resource
2016-03-25 17:54:07,635 [Worker-23] WARN  o.e.m.c.i.embedder.EclipseLogger - Using platform encoding (GBK actually) to copy filtered resources, i.e. build is platform dependent!
2016-03-25 17:54:07,636 [Worker-23] INFO  o.e.m.c.i.embedder.EclipseLogger - Copying 0 resource
2016-03-25 18:11:08,737 [Worker-28] WARN  o.e.m.c.i.embedder.EclipseLogger - Using platform encoding (GBK actually) to copy filtered resources, i.e. build is platform dependent!
2016-03-25 18:11:08,738 [Worker-28] INFO  o.e.m.c.i.embedder.EclipseLogger - Copying 1 resource
2016-03-25 18:11:08,740 [Worker-28] WARN  o.e.m.c.i.embedder.EclipseLogger - Using platform encoding (GBK actually) to copy filtered resources, i.e. build is platform dependent!
2016-03-25 18:11:08,743 [Worker-28] INFO  o.e.m.c.i.embedder.EclipseLogger - Copying 0 resource
2016-03-25 18:11:39,725 [Worker-23] WARN  o.e.m.c.i.embedder.EclipseLogger - Using platform encoding (GBK actually) to copy filtered resources, i.e. build is platform dependent!
2016-03-25 18:11:39,726 [Worker-23] INFO  o.e.m.c.i.embedder.EclipseLogger - Copying 1 resource
2016-03-25 18:11:39,728 [Worker-23] WARN  o.e.m.c.i.embedder.EclipseLogger - Using platform encoding (GBK actually) to copy filtered resources, i.e. build is platform dependent!
2016-03-25 18:11:39,729 [Worker-23] INFO  o.e.m.c.i.embedder.EclipseLogger - Copying 0 resource
2016-03-25 18:12:29,398 [Worker-23] WARN  o.e.m.c.i.embedder.EclipseLogger - Using platform encoding (GBK actually) to copy filtered resources, i.e. build is platform dependent!
2016-03-25 18:12:29,399 [Worker-23] INFO  o.e.m.c.i.embedder.EclipseLogger - Copying 1 resource
2016-03-25 18:12:29,401 [Worker-23] WARN  o.e.m.c.i.embedder.EclipseLogger - Using platform encoding (GBK actually) to copy filtered resources, i.e. build is platform dependent!
2016-03-25 18:12:29,401 [Worker-23] INFO  o.e.m.c.i.embedder.EclipseLogger - Copying 0 resource
2016-03-25 18:12:33,140 [Worker-32] WARN  o.e.m.c.i.embedder.EclipseLogger - Using platform encoding (GBK actually) to copy filtered resources, i.e. build is platform dependent!
2016-03-25 18:12:33,141 [Worker-32] INFO  o.e.m.c.i.embedder.EclipseLogger - Copying 1 resource
2016-03-25 18:12:33,142 [Worker-32] WARN  o.e.m.c.i.embedder.EclipseLogger - Using platform encoding (GBK actually) to copy filtered resources, i.e. build is platform dependent!
2016-03-25 18:12:33,142 [Worker-32] INFO  o.e.m.c.i.embedder.EclipseLogger - Copying 0 resource
2016-03-25 18:13:43,831 [Worker-21] INFO  o.e.m.c.i.l.LifecycleMappingFactory - Using org.eclipse.m2e.jdt.JarLifecycleMapping lifecycle mapping for MavenProject: com.for2cold.activiti:first-demo:0.0.1-SNAPSHOT @ D:\workspaces\Java\work-two\first-demo\pom.xml.
2016-03-25 18:13:45,215 [Worker-21] INFO  o.e.m.c.i.e.AbstractTransferListenerAdapter - Downloading https://repo.maven.apache.org/maven2/org/activiti/activiti-engine/5.19.0.2/activiti-engine-5.19.0.2.pom
2016-03-25 18:13:45,435 [Worker-21] INFO  o.e.m.c.i.e.AbstractTransferListenerAdapter - Downloaded https://repo.maven.apache.org/maven2/org/activiti/activiti-engine/5.19.0.2/activiti-engine-5.19.0.2.pom
2016-03-25 18:13:45,656 [Worker-21] INFO  o.e.m.c.i.e.AbstractTransferListenerAdapter - Downloading https://repo.maven.apache.org/maven2/org/activiti/activiti-root/5.19.0.2/activiti-root-5.19.0.2.pom
2016-03-25 18:13:45,876 [Worker-21] INFO  o.e.m.c.i.e.AbstractTransferListenerAdapter - Downloaded https://repo.maven.apache.org/maven2/org/activiti/activiti-root/5.19.0.2/activiti-root-5.19.0.2.pom
2016-03-25 18:13:46,099 [Worker-21] INFO  o.e.m.c.i.e.AbstractTransferListenerAdapter - Downloading https://repo.maven.apache.org/maven2/org/activiti/activiti-bpmn-converter/5.19.0.2/activiti-bpmn-converter-5.19.0.2.pom
2016-03-25 18:13:46,314 [Worker-21] INFO  o.e.m.c.i.e.AbstractTransferListenerAdapter - Downloaded https://repo.maven.apache.org/maven2/org/activiti/activiti-bpmn-converter/5.19.0.2/activiti-bpmn-converter-5.19.0.2.pom
2016-03-25 18:13:46,539 [Worker-21] INFO  o.e.m.c.i.e.AbstractTransferListenerAdapter - Downloading https://repo.maven.apache.org/maven2/org/activiti/activiti-bpmn-model/5.19.0.2/activiti-bpmn-model-5.19.0.2.pom
2016-03-25 18:13:46,757 [Worker-21] INFO  o.e.m.c.i.e.AbstractTransferListenerAdapter - Downloaded https://repo.maven.apache.org/maven2/org/activiti/activiti-bpmn-model/5.19.0.2/activiti-bpmn-model-5.19.0.2.pom
2016-03-25 18:13:47,005 [Worker-21] INFO  o.e.m.c.i.e.AbstractTransferListenerAdapter - Downloading https://repo.maven.apache.org/maven2/org/activiti/activiti-process-validation/5.19.0.2/activiti-process-validation-5.19.0.2.pom
2016-03-25 18:13:47,221 [Worker-21] INFO  o.e.m.c.i.e.AbstractTransferListenerAdapter - Downloaded https://repo.maven.apache.org/maven2/org/activiti/activiti-process-validation/5.19.0.2/activiti-process-validation-5.19.0.2.pom
2016-03-25 18:13:47,441 [Worker-21] INFO  o.e.m.c.i.e.AbstractTransferListenerAdapter - Downloading https://repo.maven.apache.org/maven2/org/activiti/activiti-image-generator/5.19.0.2/activiti-image-generator-5.19.0.2.pom
2016-03-25 18:13:47,659 [Worker-21] INFO  o.e.m.c.i.e.AbstractTransferListenerAdapter - Downloaded https://repo.maven.apache.org/maven2/org/activiti/activiti-image-generator/5.19.0.2/activiti-image-generator-5.19.0.2.pom
2016-03-25 18:13:47,979 [Worker-21] INFO  o.e.m.c.i.e.AbstractTransferListenerAdapter - Downloading https://repo.maven.apache.org/maven2/org/activiti/activiti-engine/5.19.0.2/activiti-engine-5.19.0.2.jar
2016-03-25 18:13:50,384 [Worker-21] INFO  o.e.m.c.i.e.AbstractTransferListenerAdapter - Downloaded https://repo.maven.apache.org/maven2/org/activiti/activiti-engine/5.19.0.2/activiti-engine-5.19.0.2.jar
2016-03-25 18:13:50,601 [Worker-21] INFO  o.e.m.c.i.e.AbstractTransferListenerAdapter - Downloading https://repo.maven.apache.org/maven2/org/activiti/activiti-bpmn-converter/5.19.0.2/activiti-bpmn-converter-5.19.0.2.jar
2016-03-25 18:13:50,835 [Worker-21] INFO  o.e.m.c.i.e.AbstractTransferListenerAdapter - Downloaded https://repo.maven.apache.org/maven2/org/activiti/activiti-bpmn-converter/5.19.0.2/activiti-bpmn-converter-5.19.0.2.jar
2016-03-25 18:13:51,052 [Worker-21] INFO  o.e.m.c.i.e.AbstractTransferListenerAdapter - Downloading https://repo.maven.apache.org/maven2/org/activiti/activiti-bpmn-model/5.19.0.2/activiti-bpmn-model-5.19.0.2.jar
2016-03-25 18:13:51,282 [Worker-21] INFO  o.e.m.c.i.e.AbstractTransferListenerAdapter - Downloaded https://repo.maven.apache.org/maven2/org/activiti/activiti-bpmn-model/5.19.0.2/activiti-bpmn-model-5.19.0.2.jar
2016-03-25 18:13:51,500 [Worker-21] INFO  o.e.m.c.i.e.AbstractTransferListenerAdapter - Downloading https://repo.maven.apache.org/maven2/org/activiti/activiti-process-validation/5.19.0.2/activiti-process-validation-5.19.0.2.jar
2016-03-25 18:13:51,725 [Worker-21] INFO  o.e.m.c.i.e.AbstractTransferListenerAdapter - Downloaded https://repo.maven.apache.org/maven2/org/activiti/activiti-process-validation/5.19.0.2/activiti-process-validation-5.19.0.2.jar
2016-03-25 18:13:51,943 [Worker-21] INFO  o.e.m.c.i.e.AbstractTransferListenerAdapter - Downloading https://repo.maven.apache.org/maven2/org/activiti/activiti-image-generator/5.19.0.2/activiti-image-generator-5.19.0.2.jar
2016-03-25 18:13:52,167 [Worker-21] INFO  o.e.m.c.i.e.AbstractTransferListenerAdapter - Downloaded https://repo.maven.apache.org/maven2/org/activiti/activiti-image-generator/5.19.0.2/activiti-image-generator-5.19.0.2.jar
2016-03-25 18:13:53,396 [Worker-21] WARN  o.e.m.c.i.embedder.EclipseLogger - Using platform encoding (GBK actually) to copy filtered resources, i.e. build is platform dependent!
2016-03-25 18:13:53,398 [Worker-21] INFO  o.e.m.c.i.embedder.EclipseLogger - Copying 0 resource
2016-03-25 18:13:53,401 [Worker-21] WARN  o.e.m.c.i.embedder.EclipseLogger - Using platform encoding (GBK actually) to copy filtered resources, i.e. build is platform dependent!
2016-03-25 18:13:53,402 [Worker-21] INFO  o.e.m.c.i.embedder.EclipseLogger - Copying 0 resource
2016-03-25 18:13:54,979 [Worker-29] WARN  o.e.m.c.i.embedder.EclipseLogger - Using platform encoding (GBK actually) to copy filtered resources, i.e. build is platform dependent!
2016-03-25 18:13:54,980 [Worker-29] INFO  o.e.m.c.i.embedder.EclipseLogger - Copying 2 resources
2016-03-25 18:13:54,986 [Worker-29] WARN  o.e.m.c.i.embedder.EclipseLogger - Using platform encoding (GBK actually) to copy filtered resources, i.e. build is platform dependent!
2016-03-25 18:13:54,987 [Worker-29] INFO  o.e.m.c.i.embedder.EclipseLogger - Copying 0 resource
2016-03-25 18:14:21,064 [Worker-21] WARN  o.e.m.c.i.embedder.EclipseLogger - Using platform encoding (GBK actually) to copy filtered resources, i.e. build is platform dependent!
2016-03-25 18:14:21,065 [Worker-21] INFO  o.e.m.c.i.embedder.EclipseLogger - Copying 1 resource
2016-03-25 18:14:21,067 [Worker-21] WARN  o.e.m.c.i.embedder.EclipseLogger - Using platform encoding (GBK actually) to copy filtered resources, i.e. build is platform dependent!
2016-03-25 18:14:21,067 [Worker-21] INFO  o.e.m.c.i.embedder.EclipseLogger - Copying 0 resource
2016-03-25 18:14:51,769 [Worker-31] WARN  o.e.m.c.i.embedder.EclipseLogger - Using platform encoding (GBK actually) to copy filtered resources, i.e. build is platform dependent!
2016-03-25 18:14:51,770 [Worker-31] INFO  o.e.m.c.i.embedder.EclipseLogger - Copying 0 resource
2016-03-25 18:14:51,771 [Worker-31] WARN  o.e.m.c.i.embedder.EclipseLogger - Using platform encoding (GBK actually) to copy filtered resources, i.e. build is platform dependent!
2016-03-25 18:14:51,771 [Worker-31] INFO  o.e.m.c.i.embedder.EclipseLogger - Copying 0 resource
2016-03-25 18:14:54,340 [Worker-30] INFO  o.e.m.c.i.e.AbstractTransferListenerAdapter - Downloading https://repo.maven.apache.org/maven2/org/activiti/activiti-engine/5.19.0.2/activiti-engine-5.19.0.2-sources.jar
2016-03-25 18:14:56,732 [Worker-30] INFO  o.e.m.c.i.e.AbstractTransferListenerAdapter - Downloaded https://repo.maven.apache.org/maven2/org/activiti/activiti-engine/5.19.0.2/activiti-engine-5.19.0.2-sources.jar
2016-03-25 18:14:56,997 [Worker-30] INFO  o.e.m.j.internal.DownloadSourcesJob - Downloaded sources for org.activiti:activiti-engine:5.19.0.2
2016-03-25 18:14:57,196 [Worker-23] WARN  o.e.m.c.i.embedder.EclipseLogger - Using platform encoding (GBK actually) to copy filtered resources, i.e. build is platform dependent!
2016-03-25 18:14:57,197 [Worker-23] INFO  o.e.m.c.i.embedder.EclipseLogger - Copying 0 resource
2016-03-25 18:14:57,198 [Worker-23] WARN  o.e.m.c.i.embedder.EclipseLogger - Using platform encoding (GBK actually) to copy filtered resources, i.e. build is platform dependent!
2016-03-25 18:14:57,198 [Worker-23] INFO  o.e.m.c.i.embedder.EclipseLogger - Copying 0 resource
2016-03-25 18:15:03,375 [Worker-21] WARN  o.e.m.c.i.embedder.EclipseLogger - Using platform encoding (GBK actually) to copy filtered resources, i.e. build is platform dependent!
2016-03-25 18:15:03,376 [Worker-21] INFO  o.e.m.c.i.embedder.EclipseLogger - Copying 1 resource
2016-03-25 18:15:03,379 [Worker-21] WARN  o.e.m.c.i.embedder.EclipseLogger - Using platform encoding (GBK actually) to copy filtered resources, i.e. build is platform dependent!
2016-03-25 18:15:03,379 [Worker-21] INFO  o.e.m.c.i.embedder.EclipseLogger - Copying 0 resource
2016-03-25 18:16:54,415 [Worker-21] INFO  o.e.m.c.i.l.LifecycleMappingFactory - Using org.eclipse.m2e.jdt.JarLifecycleMapping lifecycle mapping for MavenProject: com.for2cold.activiti:first-demo:0.0.1-SNAPSHOT @ D:\workspaces\Java\work-two\first-demo\pom.xml.
2016-03-25 18:16:55,375 [Worker-21] INFO  o.e.m.c.i.e.AbstractTransferListenerAdapter - Downloading https://repo.maven.apache.org/maven2/com/h2database/h2/1.4.191/h2-1.4.191.pom
2016-03-25 18:16:55,727 [Worker-21] INFO  o.e.m.c.i.e.AbstractTransferListenerAdapter - Downloaded https://repo.maven.apache.org/maven2/com/h2database/h2/1.4.191/h2-1.4.191.pom
2016-03-25 18:16:56,152 [Worker-21] INFO  o.e.m.c.i.e.AbstractTransferListenerAdapter - Downloading https://repo.maven.apache.org/maven2/com/h2database/h2/1.4.191/h2-1.4.191.jar
2016-03-25 18:16:59,675 [Worker-21] INFO  o.e.m.c.i.e.AbstractTransferListenerAdapter - Downloaded https://repo.maven.apache.org/maven2/com/h2database/h2/1.4.191/h2-1.4.191.jar
2016-03-25 18:16:59,954 [Worker-21] WARN  o.e.m.c.i.embedder.EclipseLogger - Using platform encoding (GBK actually) to copy filtered resources, i.e. build is platform dependent!
2016-03-25 18:16:59,955 [Worker-21] INFO  o.e.m.c.i.embedder.EclipseLogger - Copying 0 resource
2016-03-25 18:16:59,957 [Worker-21] WARN  o.e.m.c.i.embedder.EclipseLogger - Using platform encoding (GBK actually) to copy filtered resources, i.e. build is platform dependent!
2016-03-25 18:16:59,957 [Worker-21] INFO  o.e.m.c.i.embedder.EclipseLogger - Copying 0 resource
2016-03-25 18:17:01,339 [Worker-32] WARN  o.e.m.c.i.embedder.EclipseLogger - Using platform encoding (GBK actually) to copy filtered resources, i.e. build is platform dependent!
2016-03-25 18:17:01,340 [Worker-32] INFO  o.e.m.c.i.embedder.EclipseLogger - Copying 2 resources
2016-03-25 18:17:01,349 [Worker-32] WARN  o.e.m.c.i.embedder.EclipseLogger - Using platform encoding (GBK actually) to copy filtered resources, i.e. build is platform dependent!
2016-03-25 18:17:01,350 [Worker-32] INFO  o.e.m.c.i.embedder.EclipseLogger - Copying 0 resource
2016-03-25 18:17:53,896 [Worker-29] WARN  o.e.m.c.i.embedder.EclipseLogger - Using platform encoding (GBK actually) to copy filtered resources, i.e. build is platform dependent!
2016-03-25 18:17:53,898 [Worker-29] INFO  o.e.m.c.i.embedder.EclipseLogger - Copying 0 resource
2016-03-25 18:17:53,899 [Worker-29] WARN  o.e.m.c.i.embedder.EclipseLogger - Using platform encoding (GBK actually) to copy filtered resources, i.e. build is platform dependent!
2016-03-25 18:17:53,900 [Worker-29] INFO  o.e.m.c.i.embedder.EclipseLogger - Copying 0 resource
2016-03-25 18:18:06,698 [Worker-30] WARN  o.e.m.c.i.embedder.EclipseLogger - Using platform encoding (GBK actually) to copy filtered resources, i.e. build is platform dependent!
2016-03-25 18:18:06,699 [Worker-30] INFO  o.e.m.c.i.embedder.EclipseLogger - Copying 0 resource
2016-03-25 18:18:06,700 [Worker-30] WARN  o.e.m.c.i.embedder.EclipseLogger - Using platform encoding (GBK actually) to copy filtered resources, i.e. build is platform dependent!
2016-03-25 18:18:06,700 [Worker-30] INFO  o.e.m.c.i.embedder.EclipseLogger - Copying 0 resource
2016-03-25 18:18:09,315 [Worker-31] WARN  o.e.m.c.i.embedder.EclipseLogger - Using platform encoding (GBK actually) to copy filtered resources, i.e. build is platform dependent!
2016-03-25 18:18:09,316 [Worker-31] INFO  o.e.m.c.i.embedder.EclipseLogger - Copying 0 resource
2016-03-25 18:18:09,316 [Worker-31] WARN  o.e.m.c.i.embedder.EclipseLogger - Using platform encoding (GBK actually) to copy filtered resources, i.e. build is platform dependent!
2016-03-25 18:18:09,317 [Worker-31] INFO  o.e.m.c.i.embedder.EclipseLogger - Copying 0 resource
2016-03-25 18:18:32,649 [Worker-31] WARN  o.e.m.c.i.embedder.EclipseLogger - Using platform encoding (GBK actually) to copy filtered resources, i.e. build is platform dependent!
2016-03-25 18:18:32,650 [Worker-31] INFO  o.e.m.c.i.embedder.EclipseLogger - Copying 0 resource
2016-03-25 18:18:32,653 [Worker-31] WARN  o.e.m.c.i.embedder.EclipseLogger - Using platform encoding (GBK actually) to copy filtered resources, i.e. build is platform dependent!
2016-03-25 18:18:32,654 [Worker-31] INFO  o.e.m.c.i.embedder.EclipseLogger - Copying 0 resource
2016-03-25 18:18:34,319 [Worker-21] WARN  o.e.m.c.i.embedder.EclipseLogger - Using platform encoding (GBK actually) to copy filtered resources, i.e. build is platform dependent!
2016-03-25 18:18:34,320 [Worker-21] INFO  o.e.m.c.i.embedder.EclipseLogger - Copying 0 resource
2016-03-25 18:18:34,321 [Worker-21] WARN  o.e.m.c.i.embedder.EclipseLogger - Using platform encoding (GBK actually) to copy filtered resources, i.e. build is platform dependent!
2016-03-25 18:18:34,322 [Worker-21] INFO  o.e.m.c.i.embedder.EclipseLogger - Copying 0 resource
2016-03-25 18:19:07,157 [Worker-31] WARN  o.e.m.c.i.embedder.EclipseLogger - Using platform encoding (GBK actually) to copy filtered resources, i.e. build is platform dependent!
2016-03-25 18:19:07,158 [Worker-31] INFO  o.e.m.c.i.embedder.EclipseLogger - Copying 0 resource
2016-03-25 18:19:07,159 [Worker-31] WARN  o.e.m.c.i.embedder.EclipseLogger - Using platform encoding (GBK actually) to copy filtered resources, i.e. build is platform dependent!
2016-03-25 18:19:07,160 [Worker-31] INFO  o.e.m.c.i.embedder.EclipseLogger - Copying 0 resource
2016-03-25 18:19:25,974 [Worker-29] WARN  o.e.m.c.i.embedder.EclipseLogger - Using platform encoding (GBK actually) to copy filtered resources, i.e. build is platform dependent!
2016-03-25 18:19:25,975 [Worker-29] INFO  o.e.m.c.i.embedder.EclipseLogger - Copying 0 resource
2016-03-25 18:19:25,976 [Worker-29] WARN  o.e.m.c.i.embedder.EclipseLogger - Using platform encoding (GBK actually) to copy filtered resources, i.e. build is platform dependent!
2016-03-25 18:19:25,976 [Worker-29] INFO  o.e.m.c.i.embedder.EclipseLogger - Copying 0 resource
2016-03-25 18:19:39,632 [Worker-31] WARN  o.e.m.c.i.embedder.EclipseLogger - Using platform encoding (GBK actually) to copy filtered resources, i.e. build is platform dependent!
2016-03-25 18:19:39,633 [Worker-31] INFO  o.e.m.c.i.embedder.EclipseLogger - Copying 0 resource
2016-03-25 18:19:39,636 [Worker-31] WARN  o.e.m.c.i.embedder.EclipseLogger - Using platform encoding (GBK actually) to copy filtered resources, i.e. build is platform dependent!
2016-03-25 18:19:39,637 [Worker-31] INFO  o.e.m.c.i.embedder.EclipseLogger - Copying 0 resource
2016-03-25 18:20:16,543 [Worker-21] WARN  o.e.m.c.i.embedder.EclipseLogger - Using platform encoding (GBK actually) to copy filtered resources, i.e. build is platform dependent!
2016-03-25 18:20:16,544 [Worker-21] INFO  o.e.m.c.i.embedder.EclipseLogger - Copying 0 resource
2016-03-25 18:20:16,545 [Worker-21] WARN  o.e.m.c.i.embedder.EclipseLogger - Using platform encoding (GBK actually) to copy filtered resources, i.e. build is platform dependent!
2016-03-25 18:20:16,545 [Worker-21] INFO  o.e.m.c.i.embedder.EclipseLogger - Copying 0 resource
2016-03-25 18:20:22,950 [Worker-29] WARN  o.e.m.c.i.embedder.EclipseLogger - Using platform encoding (GBK actually) to copy filtered resources, i.e. build is platform dependent!
2016-03-25 18:20:22,950 [Worker-29] INFO  o.e.m.c.i.embedder.EclipseLogger - Copying 0 resource
2016-03-25 18:20:22,951 [Worker-29] WARN  o.e.m.c.i.embedder.EclipseLogger - Using platform encoding (GBK actually) to copy filtered resources, i.e. build is platform dependent!
2016-03-25 18:20:22,952 [Worker-29] INFO  o.e.m.c.i.embedder.EclipseLogger - Copying 0 resource
2016-03-25 18:20:30,988 [Worker-21] WARN  o.e.m.c.i.embedder.EclipseLogger - Using platform encoding (GBK actually) to copy filtered resources, i.e. build is platform dependent!
2016-03-25 18:20:30,989 [Worker-21] INFO  o.e.m.c.i.embedder.EclipseLogger - Copying 0 resource
2016-03-25 18:20:30,990 [Worker-21] WARN  o.e.m.c.i.embedder.EclipseLogger - Using platform encoding (GBK actually) to copy filtered resources, i.e. build is platform dependent!
2016-03-25 18:20:30,991 [Worker-21] INFO  o.e.m.c.i.embedder.EclipseLogger - Copying 0 resource
2016-03-25 18:21:00,472 [Worker-28] WARN  o.e.m.c.i.embedder.EclipseLogger - Using platform encoding (GBK actually) to copy filtered resources, i.e. build is platform dependent!
2016-03-25 18:21:00,473 [Worker-28] INFO  o.e.m.c.i.embedder.EclipseLogger - Copying 0 resource
2016-03-25 18:21:00,474 [Worker-28] WARN  o.e.m.c.i.embedder.EclipseLogger - Using platform encoding (GBK actually) to copy filtered resources, i.e. build is platform dependent!
2016-03-25 18:21:00,475 [Worker-28] INFO  o.e.m.c.i.embedder.EclipseLogger - Copying 0 resource
2016-03-25 18:21:12,603 [Worker-28] WARN  o.e.m.c.i.embedder.EclipseLogger - Using platform encoding (GBK actually) to copy filtered resources, i.e. build is platform dependent!
2016-03-25 18:21:12,603 [Worker-28] INFO  o.e.m.c.i.embedder.EclipseLogger - Copying 0 resource
2016-03-25 18:21:12,604 [Worker-28] WARN  o.e.m.c.i.embedder.EclipseLogger - Using platform encoding (GBK actually) to copy filtered resources, i.e. build is platform dependent!
2016-03-25 18:21:12,604 [Worker-28] INFO  o.e.m.c.i.embedder.EclipseLogger - Copying 0 resource
2016-03-25 18:21:28,766 [Worker-33] WARN  o.e.m.c.i.embedder.EclipseLogger - Using platform encoding (GBK actually) to copy filtered resources, i.e. build is platform dependent!
2016-03-25 18:21:28,767 [Worker-33] INFO  o.e.m.c.i.embedder.EclipseLogger - Copying 0 resource
2016-03-25 18:21:28,770 [Worker-33] WARN  o.e.m.c.i.embedder.EclipseLogger - Using platform encoding (GBK actually) to copy filtered resources, i.e. build is platform dependent!
2016-03-25 18:21:28,771 [Worker-33] INFO  o.e.m.c.i.embedder.EclipseLogger - Copying 0 resource
2016-03-25 18:21:29,842 [Worker-31] WARN  o.e.m.c.i.embedder.EclipseLogger - Using platform encoding (GBK actually) to copy filtered resources, i.e. build is platform dependent!
2016-03-25 18:21:29,842 [Worker-31] INFO  o.e.m.c.i.embedder.EclipseLogger - Copying 0 resource
2016-03-25 18:21:29,843 [Worker-31] WARN  o.e.m.c.i.embedder.EclipseLogger - Using platform encoding (GBK actually) to copy filtered resources, i.e. build is platform dependent!
2016-03-25 18:21:29,844 [Worker-31] INFO  o.e.m.c.i.embedder.EclipseLogger - Copying 0 resource
2016-03-25 18:21:42,924 [Worker-33] WARN  o.e.m.c.i.embedder.EclipseLogger - Using platform encoding (GBK actually) to copy filtered resources, i.e. build is platform dependent!
2016-03-25 18:21:42,924 [Worker-33] INFO  o.e.m.c.i.embedder.EclipseLogger - Copying 0 resource
2016-03-25 18:21:42,925 [Worker-33] WARN  o.e.m.c.i.embedder.EclipseLogger - Using platform encoding (GBK actually) to copy filtered resources, i.e. build is platform dependent!
2016-03-25 18:21:42,926 [Worker-33] INFO  o.e.m.c.i.embedder.EclipseLogger - Copying 0 resource
2016-03-25 18:22:11,887 [Worker-33] WARN  o.e.m.c.i.embedder.EclipseLogger - Using platform encoding (GBK actually) to copy filtered resources, i.e. build is platform dependent!
2016-03-25 18:22:11,888 [Worker-33] INFO  o.e.m.c.i.embedder.EclipseLogger - Copying 0 resource
2016-03-25 18:22:11,889 [Worker-33] WARN  o.e.m.c.i.embedder.EclipseLogger - Using platform encoding (GBK actually) to copy filtered resources, i.e. build is platform dependent!
2016-03-25 18:22:11,889 [Worker-33] INFO  o.e.m.c.i.embedder.EclipseLogger - Copying 0 resource
2016-03-25 18:22:17,791 [Worker-29] WARN  o.e.m.c.i.embedder.EclipseLogger - Using platform encoding (GBK actually) to copy filtered resources, i.e. build is platform dependent!
2016-03-25 18:22:17,792 [Worker-29] INFO  o.e.m.c.i.embedder.EclipseLogger - Copying 0 resource
2016-03-25 18:22:17,792 [Worker-29] WARN  o.e.m.c.i.embedder.EclipseLogger - Using platform encoding (GBK actually) to copy filtered resources, i.e. build is platform dependent!
2016-03-25 18:22:17,793 [Worker-29] INFO  o.e.m.c.i.embedder.EclipseLogger - Copying 0 resource
2016-03-25 18:22:37,513 [Worker-32] WARN  o.e.m.c.i.embedder.EclipseLogger - Using platform encoding (GBK actually) to copy filtered resources, i.e. build is platform dependent!
2016-03-25 18:22:37,514 [Worker-32] INFO  o.e.m.c.i.embedder.EclipseLogger - Copying 0 resource
2016-03-25 18:22:37,515 [Worker-32] WARN  o.e.m.c.i.embedder.EclipseLogger - Using platform encoding (GBK actually) to copy filtered resources, i.e. build is platform dependent!
2016-03-25 18:22:37,515 [Worker-32] INFO  o.e.m.c.i.embedder.EclipseLogger - Copying 0 resource
2016-03-25 18:23:00,306 [Worker-33] WARN  o.e.m.c.i.embedder.EclipseLogger - Using platform encoding (GBK actually) to copy filtered resources, i.e. build is platform dependent!
2016-03-25 18:23:00,307 [Worker-33] INFO  o.e.m.c.i.embedder.EclipseLogger - Copying 0 resource
2016-03-25 18:23:00,308 [Worker-33] WARN  o.e.m.c.i.embedder.EclipseLogger - Using platform encoding (GBK actually) to copy filtered resources, i.e. build is platform dependent!
2016-03-25 18:23:00,308 [Worker-33] INFO  o.e.m.c.i.embedder.EclipseLogger - Copying 0 resource
2016-03-25 18:23:17,130 [Worker-28] INFO  o.e.m.c.i.l.LifecycleMappingFactory - Using org.eclipse.m2e.jdt.JarLifecycleMapping lifecycle mapping for MavenProject: com.for2cold.activiti:first-demo:0.0.1-SNAPSHOT @ D:\workspaces\Java\work-two\first-demo\pom.xml.
2016-03-25 18:23:17,338 [Worker-28] WARN  o.e.m.c.i.embedder.EclipseLogger - Using platform encoding (GBK actually) to copy filtered resources, i.e. build is platform dependent!
2016-03-25 18:23:17,342 [Worker-28] INFO  o.e.m.c.i.embedder.EclipseLogger - Copying 0 resource
2016-03-25 18:23:17,343 [Worker-28] WARN  o.e.m.c.i.embedder.EclipseLogger - Using platform encoding (GBK actually) to copy filtered resources, i.e. build is platform dependent!
2016-03-25 18:23:17,344 [Worker-28] INFO  o.e.m.c.i.embedder.EclipseLogger - Copying 0 resource
2016-03-25 18:23:18,835 [Worker-32] WARN  o.e.m.c.i.embedder.EclipseLogger - Using platform encoding (GBK actually) to copy filtered resources, i.e. build is platform dependent!
2016-03-25 18:23:18,836 [Worker-32] INFO  o.e.m.c.i.embedder.EclipseLogger - Copying 2 resources
2016-03-25 18:23:18,846 [Worker-32] WARN  o.e.m.c.i.embedder.EclipseLogger - Using platform encoding (GBK actually) to copy filtered resources, i.e. build is platform dependent!
2016-03-25 18:23:18,847 [Worker-32] INFO  o.e.m.c.i.embedder.EclipseLogger - Copying 0 resource
2016-03-25 18:23:32,635 [Worker-28] WARN  o.e.m.c.i.embedder.EclipseLogger - Using platform encoding (GBK actually) to copy filtered resources, i.e. build is platform dependent!
2016-03-25 18:23:32,635 [Worker-28] INFO  o.e.m.c.i.embedder.EclipseLogger - Copying 0 resource
2016-03-25 18:23:32,636 [Worker-28] WARN  o.e.m.c.i.embedder.EclipseLogger - Using platform encoding (GBK actually) to copy filtered resources, i.e. build is platform dependent!
2016-03-25 18:23:32,637 [Worker-28] INFO  o.e.m.c.i.embedder.EclipseLogger - Copying 0 resource
2016-03-25 18:23:48,837 [Worker-28] WARN  o.e.m.c.i.embedder.EclipseLogger - Using platform encoding (GBK actually) to copy filtered resources, i.e. build is platform dependent!
2016-03-25 18:23:48,837 [Worker-28] INFO  o.e.m.c.i.embedder.EclipseLogger - Copying 1 resource
2016-03-25 18:23:48,838 [Worker-28] WARN  o.e.m.c.i.embedder.EclipseLogger - Using platform encoding (GBK actually) to copy filtered resources, i.e. build is platform dependent!
2016-03-25 18:23:48,839 [Worker-28] INFO  o.e.m.c.i.embedder.EclipseLogger - Copying 0 resource
2016-03-25 18:24:20,323 [Worker-31] WARN  o.e.m.c.i.embedder.EclipseLogger - Using platform encoding (GBK actually) to copy filtered resources, i.e. build is platform dependent!
2016-03-25 18:24:20,324 [Worker-31] INFO  o.e.m.c.i.embedder.EclipseLogger - Copying 1 resource
2016-03-25 18:24:20,325 [Worker-31] WARN  o.e.m.c.i.embedder.EclipseLogger - Using platform encoding (GBK actually) to copy filtered resources, i.e. build is platform dependent!
2016-03-25 18:24:20,325 [Worker-31] INFO  o.e.m.c.i.embedder.EclipseLogger - Copying 0 resource
2016-03-25 18:24:55,485 [Worker-28] WARN  o.e.m.c.i.embedder.EclipseLogger - Using platform encoding (GBK actually) to copy filtered resources, i.e. build is platform dependent!
2016-03-25 18:24:55,485 [Worker-28] INFO  o.e.m.c.i.embedder.EclipseLogger - Copying 1 resource
2016-03-25 18:24:55,486 [Worker-28] WARN  o.e.m.c.i.embedder.EclipseLogger - Using platform encoding (GBK actually) to copy filtered resources, i.e. build is platform dependent!
2016-03-25 18:24:55,487 [Worker-28] INFO  o.e.m.c.i.embedder.EclipseLogger - Copying 0 resource
2016-03-25 18:27:34,220 [Worker-33] WARN  o.e.m.c.i.embedder.EclipseLogger - Using platform encoding (GBK actually) to copy filtered resources, i.e. build is platform dependent!
2016-03-25 18:27:34,221 [Worker-33] INFO  o.e.m.c.i.embedder.EclipseLogger - Copying 1 resource
2016-03-25 18:27:34,222 [Worker-33] WARN  o.e.m.c.i.embedder.EclipseLogger - Using platform encoding (GBK actually) to copy filtered resources, i.e. build is platform dependent!
2016-03-25 18:27:34,223 [Worker-33] INFO  o.e.m.c.i.embedder.EclipseLogger - Copying 0 resource
2016-03-25 18:33:15,365 [Worker-34] INFO  o.e.m.c.i.l.LifecycleMappingFactory - Using org.eclipse.m2e.jdt.JarLifecycleMapping lifecycle mapping for MavenProject: com.for2cold.activiti:first-demo:0.0.1-SNAPSHOT @ D:\workspaces\Java\work-two\first-demo\pom.xml.
2016-03-25 18:33:16,519 [Worker-34] INFO  o.e.m.c.i.e.AbstractTransferListenerAdapter - Downloading https://repo.maven.apache.org/maven2/mysql/mysql-connector-java/5.1.38/mysql-connector-java-5.1.38.pom
2016-03-25 18:33:16,726 [Worker-34] INFO  o.e.m.c.i.e.AbstractTransferListenerAdapter - Downloaded https://repo.maven.apache.org/maven2/mysql/mysql-connector-java/5.1.38/mysql-connector-java-5.1.38.pom
2016-03-25 18:33:17,140 [Worker-34] INFO  o.e.m.c.i.e.AbstractTransferListenerAdapter - Downloading https://repo.maven.apache.org/maven2/mysql/mysql-connector-java/5.1.38/mysql-connector-java-5.1.38.jar
2016-03-25 18:33:19,167 [Worker-34] INFO  o.e.m.c.i.e.AbstractTransferListenerAdapter - Downloaded https://repo.maven.apache.org/maven2/mysql/mysql-connector-java/5.1.38/mysql-connector-java-5.1.38.jar
2016-03-25 18:33:19,635 [Worker-34] WARN  o.e.m.c.i.embedder.EclipseLogger - Using platform encoding (GBK actually) to copy filtered resources, i.e. build is platform dependent!
2016-03-25 18:33:19,637 [Worker-34] INFO  o.e.m.c.i.embedder.EclipseLogger - Copying 0 resource
2016-03-25 18:33:19,640 [Worker-34] WARN  o.e.m.c.i.embedder.EclipseLogger - Using platform encoding (GBK actually) to copy filtered resources, i.e. build is platform dependent!
2016-03-25 18:33:19,641 [Worker-34] INFO  o.e.m.c.i.embedder.EclipseLogger - Copying 0 resource
2016-03-25 18:33:21,167 [Worker-34] WARN  o.e.m.c.i.embedder.EclipseLogger - Using platform encoding (GBK actually) to copy filtered resources, i.e. build is platform dependent!
2016-03-25 18:33:21,171 [Worker-34] INFO  o.e.m.c.i.embedder.EclipseLogger - Copying 2 resources
2016-03-25 18:33:21,184 [Worker-34] WARN  o.e.m.c.i.embedder.EclipseLogger - Using platform encoding (GBK actually) to copy filtered resources, i.e. build is platform dependent!
2016-03-25 18:33:21,185 [Worker-34] INFO  o.e.m.c.i.embedder.EclipseLogger - Copying 0 resource
2016-03-25 18:34:59,260 [Worker-36] WARN  o.e.m.c.i.embedder.EclipseLogger - Using platform encoding (GBK actually) to copy filtered resources, i.e. build is platform dependent!
2016-03-25 18:34:59,261 [Worker-36] INFO  o.e.m.c.i.embedder.EclipseLogger - Copying 0 resource
2016-03-25 18:34:59,263 [Worker-36] WARN  o.e.m.c.i.embedder.EclipseLogger - Using platform encoding (GBK actually) to copy filtered resources, i.e. build is platform dependent!
2016-03-25 18:34:59,264 [Worker-36] INFO  o.e.m.c.i.embedder.EclipseLogger - Copying 0 resource
2016-03-25 18:35:04,770 [Worker-35] WARN  o.e.m.c.i.embedder.EclipseLogger - Using platform encoding (GBK actually) to copy filtered resources, i.e. build is platform dependent!
2016-03-25 18:35:04,771 [Worker-35] INFO  o.e.m.c.i.embedder.EclipseLogger - Copying 0 resource
2016-03-25 18:35:04,771 [Worker-35] WARN  o.e.m.c.i.embedder.EclipseLogger - Using platform encoding (GBK actually) to copy filtered resources, i.e. build is platform dependent!
2016-03-25 18:35:04,772 [Worker-35] INFO  o.e.m.c.i.embedder.EclipseLogger - Copying 0 resource
2016-03-25 18:35:07,753 [Worker-35] WARN  o.e.m.c.i.embedder.EclipseLogger - Using platform encoding (GBK actually) to copy filtered resources, i.e. build is platform dependent!
2016-03-25 18:35:07,753 [Worker-35] INFO  o.e.m.c.i.embedder.EclipseLogger - Copying 1 resource
2016-03-25 18:35:07,755 [Worker-35] WARN  o.e.m.c.i.embedder.EclipseLogger - Using platform encoding (GBK actually) to copy filtered resources, i.e. build is platform dependent!
2016-03-25 18:35:07,756 [Worker-35] INFO  o.e.m.c.i.embedder.EclipseLogger - Copying 0 resource
2016-03-25 18:35:09,424 [Worker-39] WARN  o.e.m.c.i.embedder.EclipseLogger - Using platform encoding (GBK actually) to copy filtered resources, i.e. build is platform dependent!
2016-03-25 18:35:09,425 [Worker-39] INFO  o.e.m.c.i.embedder.EclipseLogger - Copying 1 resource
2016-03-25 18:35:09,427 [Worker-39] WARN  o.e.m.c.i.embedder.EclipseLogger - Using platform encoding (GBK actually) to copy filtered resources, i.e. build is platform dependent!
2016-03-25 18:35:09,428 [Worker-39] INFO  o.e.m.c.i.embedder.EclipseLogger - Copying 0 resource
2016-03-25 18:36:03,867 [Worker-33] WARN  o.e.m.c.i.embedder.EclipseLogger - Using platform encoding (GBK actually) to copy filtered resources, i.e. build is platform dependent!
2016-03-25 18:36:03,869 [Worker-33] INFO  o.e.m.c.i.embedder.EclipseLogger - Copying 2 resources
2016-03-25 18:36:03,869 [Worker-33] WARN  o.e.m.c.i.embedder.EclipseLogger - Using platform encoding (GBK actually) to copy filtered resources, i.e. build is platform dependent!
2016-03-25 18:36:03,870 [Worker-33] INFO  o.e.m.c.i.embedder.EclipseLogger - Copying 0 resource
2016-03-25 18:36:09,526 [Worker-36] WARN  o.e.m.c.i.embedder.EclipseLogger - Using platform encoding (GBK actually) to copy filtered resources, i.e. build is platform dependent!
2016-03-25 18:36:09,527 [Worker-36] INFO  o.e.m.c.i.embedder.EclipseLogger - Copying 2 resources
2016-03-25 18:36:09,530 [Worker-36] WARN  o.e.m.c.i.embedder.EclipseLogger - Using platform encoding (GBK actually) to copy filtered resources, i.e. build is platform dependent!
2016-03-25 18:36:09,531 [Worker-36] INFO  o.e.m.c.i.embedder.EclipseLogger - Copying 0 resource
2016-03-25 18:37:34,209 [Worker-39] WARN  o.e.m.c.i.embedder.EclipseLogger - Using platform encoding (GBK actually) to copy filtered resources, i.e. build is platform dependent!
2016-03-25 18:37:34,209 [Worker-39] INFO  o.e.m.c.i.embedder.EclipseLogger - Copying 2 resources
2016-03-25 18:37:34,210 [Worker-39] WARN  o.e.m.c.i.embedder.EclipseLogger - Using platform encoding (GBK actually) to copy filtered resources, i.e. build is platform dependent!
2016-03-25 18:37:34,211 [Worker-39] INFO  o.e.m.c.i.embedder.EclipseLogger - Copying 0 resource
2016-03-25 18:37:48,443 [Worker-36] WARN  o.e.m.c.i.embedder.EclipseLogger - Using platform encoding (GBK actually) to copy filtered resources, i.e. build is platform dependent!
2016-03-25 18:37:48,444 [Worker-36] INFO  o.e.m.c.i.embedder.EclipseLogger - Copying 2 resources
2016-03-25 18:37:48,447 [Worker-36] WARN  o.e.m.c.i.embedder.EclipseLogger - Using platform encoding (GBK actually) to copy filtered resources, i.e. build is platform dependent!
2016-03-25 18:37:48,447 [Worker-36] INFO  o.e.m.c.i.embedder.EclipseLogger - Copying 0 resource
2016-03-25 18:37:56,702 [Worker-33] WARN  o.e.m.c.i.embedder.EclipseLogger - Using platform encoding (GBK actually) to copy filtered resources, i.e. build is platform dependent!
2016-03-25 18:37:56,703 [Worker-33] INFO  o.e.m.c.i.embedder.EclipseLogger - Copying 2 resources
2016-03-25 18:37:56,704 [Worker-33] WARN  o.e.m.c.i.embedder.EclipseLogger - Using platform encoding (GBK actually) to copy filtered resources, i.e. build is platform dependent!
2016-03-25 18:37:56,704 [Worker-33] INFO  o.e.m.c.i.embedder.EclipseLogger - Copying 0 resource
2016-03-25 18:38:06,868 [Worker-39] WARN  o.e.m.c.i.embedder.EclipseLogger - Using platform encoding (GBK actually) to copy filtered resources, i.e. build is platform dependent!
2016-03-25 18:38:06,869 [Worker-39] INFO  o.e.m.c.i.embedder.EclipseLogger - Copying 2 resources
2016-03-25 18:38:06,870 [Worker-39] WARN  o.e.m.c.i.embedder.EclipseLogger - Using platform encoding (GBK actually) to copy filtered resources, i.e. build is platform dependent!
2016-03-25 18:38:06,870 [Worker-39] INFO  o.e.m.c.i.embedder.EclipseLogger - Copying 0 resource
2016-03-25 18:38:18,021 [Worker-39] WARN  o.e.m.c.i.embedder.EclipseLogger - Using platform encoding (GBK actually) to copy filtered resources, i.e. build is platform dependent!
2016-03-25 18:38:18,022 [Worker-39] INFO  o.e.m.c.i.embedder.EclipseLogger - Copying 2 resources
2016-03-25 18:38:18,023 [Worker-39] WARN  o.e.m.c.i.embedder.EclipseLogger - Using platform encoding (GBK actually) to copy filtered resources, i.e. build is platform dependent!
2016-03-25 18:38:18,023 [Worker-39] INFO  o.e.m.c.i.embedder.EclipseLogger - Copying 0 resource
2016-03-25 18:38:43,387 [Worker-40] WARN  o.e.m.c.i.embedder.EclipseLogger - Using platform encoding (GBK actually) to copy filtered resources, i.e. build is platform dependent!
2016-03-25 18:38:43,387 [Worker-40] INFO  o.e.m.c.i.embedder.EclipseLogger - Copying 2 resources
2016-03-25 18:38:43,388 [Worker-40] WARN  o.e.m.c.i.embedder.EclipseLogger - Using platform encoding (GBK actually) to copy filtered resources, i.e. build is platform dependent!
2016-03-25 18:38:43,389 [Worker-40] INFO  o.e.m.c.i.embedder.EclipseLogger - Copying 0 resource
2016-03-25 18:38:53,321 [Worker-21] WARN  o.e.m.c.i.embedder.EclipseLogger - Using platform encoding (GBK actually) to copy filtered resources, i.e. build is platform dependent!
2016-03-25 18:38:53,321 [Worker-21] INFO  o.e.m.c.i.embedder.EclipseLogger - Copying 2 resources
2016-03-25 18:38:53,322 [Worker-21] WARN  o.e.m.c.i.embedder.EclipseLogger - Using platform encoding (GBK actually) to copy filtered resources, i.e. build is platform dependent!
2016-03-25 18:38:53,323 [Worker-21] INFO  o.e.m.c.i.embedder.EclipseLogger - Copying 0 resource
2016-03-25 18:39:07,660 [Worker-39] WARN  o.e.m.c.i.embedder.EclipseLogger - Using platform encoding (GBK actually) to copy filtered resources, i.e. build is platform dependent!
2016-03-25 18:39:07,660 [Worker-39] INFO  o.e.m.c.i.embedder.EclipseLogger - Copying 2 resources
2016-03-25 18:39:07,663 [Worker-39] WARN  o.e.m.c.i.embedder.EclipseLogger - Using platform encoding (GBK actually) to copy filtered resources, i.e. build is platform dependent!
2016-03-25 18:39:07,663 [Worker-39] INFO  o.e.m.c.i.embedder.EclipseLogger - Copying 0 resource
2016-03-25 18:39:14,560 [Worker-38] WARN  o.e.m.c.i.embedder.EclipseLogger - Using platform encoding (GBK actually) to copy filtered resources, i.e. build is platform dependent!
2016-03-25 18:39:14,562 [Worker-38] INFO  o.e.m.c.i.embedder.EclipseLogger - Copying 2 resources
2016-03-25 18:39:14,563 [Worker-38] WARN  o.e.m.c.i.embedder.EclipseLogger - Using platform encoding (GBK actually) to copy filtered resources, i.e. build is platform dependent!
2016-03-25 18:39:14,564 [Worker-38] INFO  o.e.m.c.i.embedder.EclipseLogger - Copying 0 resource
2016-03-25 18:39:35,945 [Worker-35] WARN  o.e.m.c.i.embedder.EclipseLogger - Using platform encoding (GBK actually) to copy filtered resources, i.e. build is platform dependent!
2016-03-25 18:39:35,946 [Worker-35] INFO  o.e.m.c.i.embedder.EclipseLogger - Copying 2 resources
2016-03-25 18:39:35,946 [Worker-35] WARN  o.e.m.c.i.embedder.EclipseLogger - Using platform encoding (GBK actually) to copy filtered resources, i.e. build is platform dependent!
2016-03-25 18:39:35,947 [Worker-35] INFO  o.e.m.c.i.embedder.EclipseLogger - Copying 0 resource
2016-03-25 18:39:46,998 [Worker-42] ERROR o.e.m.c.i.URLConnectionCaches - Unexpected URLConnection defaultUseCaches enabled
2016-03-25 18:39:46,999 [Worker-42] WARN  o.e.m.c.i.embedder.EclipseLogger - Using platform encoding (GBK actually) to copy filtered resources, i.e. build is platform dependent!
2016-03-25 18:39:47,000 [Worker-42] INFO  o.e.m.c.i.embedder.EclipseLogger - Copying 2 resources
2016-03-25 18:39:47,002 [Worker-42] WARN  o.e.m.c.i.embedder.EclipseLogger - Using platform encoding (GBK actually) to copy filtered resources, i.e. build is platform dependent!
2016-03-25 18:39:47,002 [Worker-42] INFO  o.e.m.c.i.embedder.EclipseLogger - Copying 0 resource
2016-03-25 18:39:48,046 [Worker-42] ERROR o.e.m.c.i.URLConnectionCaches - Unexpected URLConnection defaultUseCaches enabled
2016-03-25 18:39:48,047 [Worker-42] WARN  o.e.m.c.i.embedder.EclipseLogger - Using platform encoding (GBK actually) to copy filtered resources, i.e. build is platform dependent!
2016-03-25 18:39:48,047 [Worker-42] INFO  o.e.m.c.i.embedder.EclipseLogger - Copying 2 resources
2016-03-25 18:39:48,048 [Worker-42] WARN  o.e.m.c.i.embedder.EclipseLogger - Using platform encoding (GBK actually) to copy filtered resources, i.e. build is platform dependent!
2016-03-25 18:39:48,049 [Worker-42] INFO  o.e.m.c.i.embedder.EclipseLogger - Copying 0 resource
2016-03-25 18:40:38,371 [Worker-21] ERROR o.e.m.c.i.URLConnectionCaches - Unexpected URLConnection defaultUseCaches enabled
2016-03-25 18:40:38,381 [Worker-21] WARN  o.e.m.c.i.embedder.EclipseLogger - Using platform encoding (GBK actually) to copy filtered resources, i.e. build is platform dependent!
2016-03-25 18:40:38,382 [Worker-21] INFO  o.e.m.c.i.embedder.EclipseLogger - Copying 2 resources
2016-03-25 18:40:38,383 [Worker-21] WARN  o.e.m.c.i.embedder.EclipseLogger - Using platform encoding (GBK actually) to copy filtered resources, i.e. build is platform dependent!
2016-03-25 18:40:38,383 [Worker-21] INFO  o.e.m.c.i.embedder.EclipseLogger - Copying 0 resource
2016-03-25 18:41:04,648 [Worker-36] ERROR o.e.m.c.i.URLConnectionCaches - Unexpected URLConnection defaultUseCaches enabled
2016-03-25 18:41:04,650 [Worker-36] WARN  o.e.m.c.i.embedder.EclipseLogger - Using platform encoding (GBK actually) to copy filtered resources, i.e. build is platform dependent!
2016-03-25 18:41:04,651 [Worker-36] INFO  o.e.m.c.i.embedder.EclipseLogger - Copying 2 resources
2016-03-25 18:41:04,652 [Worker-36] WARN  o.e.m.c.i.embedder.EclipseLogger - Using platform encoding (GBK actually) to copy filtered resources, i.e. build is platform dependent!
2016-03-25 18:41:04,652 [Worker-36] INFO  o.e.m.c.i.embedder.EclipseLogger - Copying 0 resource
2016-03-25 18:41:35,281 [Worker-35] ERROR o.e.m.c.i.URLConnectionCaches - Unexpected URLConnection defaultUseCaches enabled
2016-03-25 18:41:35,282 [Worker-35] WARN  o.e.m.c.i.embedder.EclipseLogger - Using platform encoding (GBK actually) to copy filtered resources, i.e. build is platform dependent!
2016-03-25 18:41:35,283 [Worker-35] INFO  o.e.m.c.i.embedder.EclipseLogger - Copying 2 resources
2016-03-25 18:41:35,284 [Worker-35] WARN  o.e.m.c.i.embedder.EclipseLogger - Using platform encoding (GBK actually) to copy filtered resources, i.e. build is platform dependent!
2016-03-25 18:41:35,285 [Worker-35] INFO  o.e.m.c.i.embedder.EclipseLogger - Copying 0 resource
2016-03-25 18:41:37,693 [Worker-38] ERROR o.e.m.c.i.URLConnectionCaches - Unexpected URLConnection defaultUseCaches enabled
2016-03-25 18:41:37,698 [Worker-38] WARN  o.e.m.c.i.embedder.EclipseLogger - Using platform encoding (GBK actually) to copy filtered resources, i.e. build is platform dependent!
2016-03-25 18:41:37,699 [Worker-38] INFO  o.e.m.c.i.embedder.EclipseLogger - Copying 2 resources
2016-03-25 18:41:37,700 [Worker-38] WARN  o.e.m.c.i.embedder.EclipseLogger - Using platform encoding (GBK actually) to copy filtered resources, i.e. build is platform dependent!
2016-03-25 18:41:37,701 [Worker-38] INFO  o.e.m.c.i.embedder.EclipseLogger - Copying 0 resource
2016-03-25 18:41:47,809 [Worker-41] ERROR o.e.m.c.i.URLConnectionCaches - Unexpected URLConnection defaultUseCaches enabled
2016-03-25 18:41:47,810 [Worker-41] WARN  o.e.m.c.i.embedder.EclipseLogger - Using platform encoding (GBK actually) to copy filtered resources, i.e. build is platform dependent!
2016-03-25 18:41:47,811 [Worker-41] INFO  o.e.m.c.i.embedder.EclipseLogger - Copying 0 resource
2016-03-25 18:41:47,812 [Worker-41] WARN  o.e.m.c.i.embedder.EclipseLogger - Using platform encoding (GBK actually) to copy filtered resources, i.e. build is platform dependent!
2016-03-25 18:41:47,812 [Worker-41] INFO  o.e.m.c.i.embedder.EclipseLogger - Copying 0 resource
2016-03-25 18:41:50,724 [Worker-35] ERROR o.e.m.c.i.URLConnectionCaches - Unexpected URLConnection defaultUseCaches enabled
2016-03-25 18:41:50,725 [Worker-35] WARN  o.e.m.c.i.embedder.EclipseLogger - Using platform encoding (GBK actually) to copy filtered resources, i.e. build is platform dependent!
2016-03-25 18:41:50,726 [Worker-35] INFO  o.e.m.c.i.embedder.EclipseLogger - Copying 2 resources
2016-03-25 18:41:50,726 [Worker-35] WARN  o.e.m.c.i.embedder.EclipseLogger - Using platform encoding (GBK actually) to copy filtered resources, i.e. build is platform dependent!
2016-03-25 18:41:50,727 [Worker-35] INFO  o.e.m.c.i.embedder.EclipseLogger - Copying 0 resource
2016-03-25 18:41:51,821 [Worker-38] ERROR o.e.m.c.i.URLConnectionCaches - Unexpected URLConnection defaultUseCaches enabled
2016-03-25 18:41:51,822 [Worker-38] WARN  o.e.m.c.i.embedder.EclipseLogger - Using platform encoding (GBK actually) to copy filtered resources, i.e. build is platform dependent!
2016-03-25 18:41:51,823 [Worker-38] INFO  o.e.m.c.i.embedder.EclipseLogger - Copying 2 resources
2016-03-25 18:41:51,824 [Worker-38] WARN  o.e.m.c.i.embedder.EclipseLogger - Using platform encoding (GBK actually) to copy filtered resources, i.e. build is platform dependent!
2016-03-25 18:41:51,824 [Worker-38] INFO  o.e.m.c.i.embedder.EclipseLogger - Copying 0 resource
2016-03-25 18:41:53,954 [Worker-40] ERROR o.e.m.c.i.URLConnectionCaches - Unexpected URLConnection defaultUseCaches enabled
2016-03-25 18:41:53,955 [Worker-40] WARN  o.e.m.c.i.embedder.EclipseLogger - Using platform encoding (GBK actually) to copy filtered resources, i.e. build is platform dependent!
2016-03-25 18:41:53,956 [Worker-40] INFO  o.e.m.c.i.embedder.EclipseLogger - Copying 2 resources
2016-03-25 18:41:53,956 [Worker-40] WARN  o.e.m.c.i.embedder.EclipseLogger - Using platform encoding (GBK actually) to copy filtered resources, i.e. build is platform dependent!
2016-03-25 18:41:53,957 [Worker-40] INFO  o.e.m.c.i.embedder.EclipseLogger - Copying 0 resource
2016-03-25 18:42:14,731 [Worker-21] ERROR o.e.m.c.i.URLConnectionCaches - Unexpected URLConnection defaultUseCaches enabled
2016-03-25 18:42:14,732 [Worker-21] WARN  o.e.m.c.i.embedder.EclipseLogger - Using platform encoding (GBK actually) to copy filtered resources, i.e. build is platform dependent!
2016-03-25 18:42:14,733 [Worker-21] INFO  o.e.m.c.i.embedder.EclipseLogger - Copying 2 resources
2016-03-25 18:42:14,734 [Worker-21] WARN  o.e.m.c.i.embedder.EclipseLogger - Using platform encoding (GBK actually) to copy filtered resources, i.e. build is platform dependent!
2016-03-25 18:42:14,734 [Worker-21] INFO  o.e.m.c.i.embedder.EclipseLogger - Copying 0 resource
2016-03-25 18:43:08,669 [Worker-33] ERROR o.e.m.c.i.URLConnectionCaches - Unexpected URLConnection defaultUseCaches enabled
2016-03-25 18:43:08,670 [Worker-33] WARN  o.e.m.c.i.embedder.EclipseLogger - Using platform encoding (GBK actually) to copy filtered resources, i.e. build is platform dependent!
2016-03-25 18:43:08,671 [Worker-33] INFO  o.e.m.c.i.embedder.EclipseLogger - Copying 2 resources
2016-03-25 18:43:08,672 [Worker-33] WARN  o.e.m.c.i.embedder.EclipseLogger - Using platform encoding (GBK actually) to copy filtered resources, i.e. build is platform dependent!
2016-03-25 18:43:08,672 [Worker-33] INFO  o.e.m.c.i.embedder.EclipseLogger - Copying 0 resource
2016-03-25 18:54:41,137 [Worker-48] ERROR o.e.m.c.i.URLConnectionCaches - Unexpected URLConnection defaultUseCaches enabled
2016-03-25 18:54:41,140 [Worker-48] WARN  o.e.m.c.i.embedder.EclipseLogger - Using platform encoding (GBK actually) to copy filtered resources, i.e. build is platform dependent!
2016-03-25 18:54:41,141 [Worker-48] INFO  o.e.m.c.i.embedder.EclipseLogger - Copying 2 resources
2016-03-25 18:54:41,141 [Worker-48] WARN  o.e.m.c.i.embedder.EclipseLogger - Using platform encoding (GBK actually) to copy filtered resources, i.e. build is platform dependent!
2016-03-25 18:54:41,142 [Worker-48] INFO  o.e.m.c.i.embedder.EclipseLogger - Copying 0 resource
2016-03-25 18:55:52,728 [Worker-47] ERROR o.e.m.c.i.URLConnectionCaches - Unexpected URLConnection defaultUseCaches enabled
2016-03-25 18:55:52,731 [Worker-47] WARN  o.e.m.c.i.embedder.EclipseLogger - Using platform encoding (GBK actually) to copy filtered resources, i.e. build is platform dependent!
2016-03-25 18:55:52,732 [Worker-47] INFO  o.e.m.c.i.embedder.EclipseLogger - Copying 2 resources
2016-03-25 18:55:52,733 [Worker-47] WARN  o.e.m.c.i.embedder.EclipseLogger - Using platform encoding (GBK actually) to copy filtered resources, i.e. build is platform dependent!
2016-03-25 18:55:52,734 [Worker-47] INFO  o.e.m.c.i.embedder.EclipseLogger - Copying 0 resource
2016-03-25 18:56:25,067 [Worker-46] ERROR o.e.m.c.i.URLConnectionCaches - Unexpected URLConnection defaultUseCaches enabled
2016-03-25 18:56:25,068 [Worker-46] WARN  o.e.m.c.i.embedder.EclipseLogger - Using platform encoding (GBK actually) to copy filtered resources, i.e. build is platform dependent!
2016-03-25 18:56:25,069 [Worker-46] INFO  o.e.m.c.i.embedder.EclipseLogger - Copying 2 resources
2016-03-25 18:56:25,070 [Worker-46] WARN  o.e.m.c.i.embedder.EclipseLogger - Using platform encoding (GBK actually) to copy filtered resources, i.e. build is platform dependent!
2016-03-25 18:56:25,071 [Worker-46] INFO  o.e.m.c.i.embedder.EclipseLogger - Copying 0 resource
2016-03-25 18:56:29,293 [Worker-49] ERROR o.e.m.c.i.URLConnectionCaches - Unexpected URLConnection defaultUseCaches enabled
2016-03-25 18:56:29,294 [Worker-49] WARN  o.e.m.c.i.embedder.EclipseLogger - Using platform encoding (GBK actually) to copy filtered resources, i.e. build is platform dependent!
2016-03-25 18:56:29,295 [Worker-49] INFO  o.e.m.c.i.embedder.EclipseLogger - Copying 1 resource
2016-03-25 18:56:29,298 [Worker-49] WARN  o.e.m.c.i.embedder.EclipseLogger - Using platform encoding (GBK actually) to copy filtered resources, i.e. build is platform dependent!
2016-03-25 18:56:29,299 [Worker-49] INFO  o.e.m.c.i.embedder.EclipseLogger - Copying 0 resource
2016-03-25 18:56:35,732 [Worker-48] ERROR o.e.m.c.i.URLConnectionCaches - Unexpected URLConnection defaultUseCaches enabled
2016-03-25 18:56:35,733 [Worker-48] WARN  o.e.m.c.i.embedder.EclipseLogger - Using platform encoding (GBK actually) to copy filtered resources, i.e. build is platform dependent!
2016-03-25 18:56:35,734 [Worker-48] INFO  o.e.m.c.i.embedder.EclipseLogger - Copying 2 resources
2016-03-25 18:56:35,735 [Worker-48] WARN  o.e.m.c.i.embedder.EclipseLogger - Using platform encoding (GBK actually) to copy filtered resources, i.e. build is platform dependent!
2016-03-25 18:56:35,735 [Worker-48] INFO  o.e.m.c.i.embedder.EclipseLogger - Copying 0 resource
2016-03-25 18:56:50,322 [Worker-44] ERROR o.e.m.c.i.URLConnectionCaches - Unexpected URLConnection defaultUseCaches enabled
2016-03-25 18:56:50,324 [Worker-44] WARN  o.e.m.c.i.embedder.EclipseLogger - Using platform encoding (GBK actually) to copy filtered resources, i.e. build is platform dependent!
2016-03-25 18:56:50,324 [Worker-44] INFO  o.e.m.c.i.embedder.EclipseLogger - Copying 1 resource
2016-03-25 18:56:50,325 [Worker-44] WARN  o.e.m.c.i.embedder.EclipseLogger - Using platform encoding (GBK actually) to copy filtered resources, i.e. build is platform dependent!
2016-03-25 18:56:50,326 [Worker-44] INFO  o.e.m.c.i.embedder.EclipseLogger - Copying 0 resource
2016-03-25 18:57:10,800 [Worker-45] ERROR o.e.m.c.i.URLConnectionCaches - Unexpected URLConnection defaultUseCaches enabled
2016-03-25 18:57:10,803 [Worker-45] WARN  o.e.m.c.i.embedder.EclipseLogger - Using platform encoding (GBK actually) to copy filtered resources, i.e. build is platform dependent!
2016-03-25 18:57:10,804 [Worker-45] INFO  o.e.m.c.i.embedder.EclipseLogger - Copying 2 resources
2016-03-25 18:57:10,805 [Worker-45] WARN  o.e.m.c.i.embedder.EclipseLogger - Using platform encoding (GBK actually) to copy filtered resources, i.e. build is platform dependent!
2016-03-25 18:57:10,805 [Worker-45] INFO  o.e.m.c.i.embedder.EclipseLogger - Copying 0 resource
2016-03-25 18:58:29,838 [Worker-45] ERROR o.e.m.c.i.URLConnectionCaches - Unexpected URLConnection defaultUseCaches enabled
2016-03-25 18:58:29,840 [Worker-45] WARN  o.e.m.c.i.embedder.EclipseLogger - Using platform encoding (GBK actually) to copy filtered resources, i.e. build is platform dependent!
2016-03-25 18:58:29,840 [Worker-45] INFO  o.e.m.c.i.embedder.EclipseLogger - Copying 1 resource
2016-03-25 18:58:29,842 [Worker-45] WARN  o.e.m.c.i.embedder.EclipseLogger - Using platform encoding (GBK actually) to copy filtered resources, i.e. build is platform dependent!
2016-03-25 18:58:29,843 [Worker-45] INFO  o.e.m.c.i.embedder.EclipseLogger - Copying 0 resource
2016-03-25 18:58:33,958 [Worker-49] ERROR o.e.m.c.i.URLConnectionCaches - Unexpected URLConnection defaultUseCaches enabled
2016-03-25 18:58:33,960 [Worker-49] WARN  o.e.m.c.i.embedder.EclipseLogger - Using platform encoding (GBK actually) to copy filtered resources, i.e. build is platform dependent!
2016-03-25 18:58:33,961 [Worker-49] INFO  o.e.m.c.i.embedder.EclipseLogger - Copying 2 resources
2016-03-25 18:58:33,962 [Worker-49] WARN  o.e.m.c.i.embedder.EclipseLogger - Using platform encoding (GBK actually) to copy filtered resources, i.e. build is platform dependent!
2016-03-25 18:58:33,963 [Worker-49] INFO  o.e.m.c.i.embedder.EclipseLogger - Copying 0 resource
2016-03-25 19:00:53,594 [Worker-50] ERROR o.e.m.c.i.URLConnectionCaches - Unexpected URLConnection defaultUseCaches enabled
2016-03-25 19:00:53,596 [Worker-50] WARN  o.e.m.c.i.embedder.EclipseLogger - Using platform encoding (GBK actually) to copy filtered resources, i.e. build is platform dependent!
2016-03-25 19:00:53,596 [Worker-50] INFO  o.e.m.c.i.embedder.EclipseLogger - Copying 2 resources
2016-03-25 19:00:53,597 [Worker-50] WARN  o.e.m.c.i.embedder.EclipseLogger - Using platform encoding (GBK actually) to copy filtered resources, i.e. build is platform dependent!
2016-03-25 19:00:53,598 [Worker-50] INFO  o.e.m.c.i.embedder.EclipseLogger - Copying 0 resource
2016-03-25 19:01:08,752 [Worker-47] ERROR o.e.m.c.i.URLConnectionCaches - Unexpected URLConnection defaultUseCaches enabled
2016-03-25 19:01:08,756 [Worker-47] WARN  o.e.m.c.i.embedder.EclipseLogger - Using platform encoding (GBK actually) to copy filtered resources, i.e. build is platform dependent!
2016-03-25 19:01:08,756 [Worker-47] INFO  o.e.m.c.i.embedder.EclipseLogger - Copying 2 resources
2016-03-25 19:01:08,757 [Worker-47] WARN  o.e.m.c.i.embedder.EclipseLogger - Using platform encoding (GBK actually) to copy filtered resources, i.e. build is platform dependent!
2016-03-25 19:01:08,758 [Worker-47] INFO  o.e.m.c.i.embedder.EclipseLogger - Copying 0 resource
2016-03-25 19:09:53,185 [Worker-51] INFO  o.e.m.c.i.e.AbstractTransferListenerAdapter - Downloading https://repo.maven.apache.org/maven2/org/springframework/spring-core/4.1.5.RELEASE/spring-core-4.1.5.RELEASE-sources.jar
2016-03-25 19:14:49,174 [Worker-45] ERROR o.e.m.c.i.URLConnectionCaches - Unexpected URLConnection defaultUseCaches enabled
2016-03-25 19:14:49,176 [Worker-45] WARN  o.e.m.c.i.embedder.EclipseLogger - Using platform encoding (GBK actually) to copy filtered resources, i.e. build is platform dependent!
2016-03-25 19:14:49,176 [Worker-45] INFO  o.e.m.c.i.embedder.EclipseLogger - Copying 1 resource
2016-03-25 19:14:49,177 [Worker-45] WARN  o.e.m.c.i.embedder.EclipseLogger - Using platform encoding (GBK actually) to copy filtered resources, i.e. build is platform dependent!
2016-03-25 19:14:49,178 [Worker-45] INFO  o.e.m.c.i.embedder.EclipseLogger - Copying 0 resource
2016-03-25 19:16:31,803 [Worker-51] INFO  o.e.m.c.i.e.AbstractTransferListenerAdapter - Downloaded https://repo.maven.apache.org/maven2/org/springframework/spring-core/4.1.5.RELEASE/spring-core-4.1.5.RELEASE-sources.jar
2016-03-25 19:16:31,950 [Worker-51] INFO  o.e.m.j.internal.DownloadSourcesJob - Downloaded sources for org.springframework:spring-core:4.1.5.RELEASE
2016-03-25 19:16:32,127 [Worker-53] ERROR o.e.m.c.i.URLConnectionCaches - Unexpected URLConnection defaultUseCaches enabled
2016-03-25 19:16:32,129 [Worker-53] WARN  o.e.m.c.i.embedder.EclipseLogger - Using platform encoding (GBK actually) to copy filtered resources, i.e. build is platform dependent!
2016-03-25 19:16:32,129 [Worker-53] INFO  o.e.m.c.i.embedder.EclipseLogger - Copying 0 resource
2016-03-25 19:16:32,130 [Worker-53] WARN  o.e.m.c.i.embedder.EclipseLogger - Using platform encoding (GBK actually) to copy filtered resources, i.e. build is platform dependent!
2016-03-25 19:16:32,130 [Worker-53] INFO  o.e.m.c.i.embedder.EclipseLogger - Copying 0 resource
